This file contains any messages produced by compilers while
running configure, to aid debugging if configure makes a mistake.

It was created by configure, which was
generated by GNU Autoconf 2.69.  Invocation command line was

  $ ./configure 

## --------- ##
## Platform. ##
## --------- ##

hostname = lt-yihua
uname -m = x86_64
uname -r = 3.13.0-32-generic
uname -s = Linux
uname -v = #57-Ubuntu SMP Tue Jul 15 03:51:08 UTC 2014

/usr/bin/uname -p = unknown
/bin/uname -X     = unknown

/bin/arch              = unknown
/usr/bin/arch -k       = unknown
/usr/convex/getsysinfo = unknown
/usr/bin/hostinfo      = unknown
/bin/machine           = unknown
/usr/bin/oslevel       = unknown
/bin/universe          = unknown

PATH: /usr/local/sbin
PATH: /usr/local/bin
PATH: /usr/sbin
PATH: /usr/bin
PATH: /sbin
PATH: /bin
PATH: /usr/games
PATH: /usr/local/games


## ----------- ##
## Core tests. ##
## ----------- ##

configure:2338: checking build system type
configure:2352: result: x86_64-unknown-linux-gnu
configure:2372: checking host system type
configure:2385: result: x86_64-unknown-linux-gnu
configure:2405: checking target system type
configure:2418: result: x86_64-unknown-linux-gnu
configure:2566: checking for gcc
configure:2582: found /usr/bin/gcc
configure:2593: result: gcc
configure:2822: checking for C compiler version
configure:2831: gcc --version >&5
gcc (Ubuntu 4.8.2-19ubuntu1) 4.8.2
Copyright (C) 2013 Free Software Foundation, Inc.
This is free software; see the source for copying conditions.  There is NO
warranty; not even for MERCHANTABILITY or FITNESS FOR A PARTICULAR PURPOSE.

configure:2842: $? = 0
configure:2831: gcc -v >&5
Using built-in specs.
COLLECT_GCC=gcc
COLLECT_LTO_WRAPPER=/usr/lib/gcc/x86_64-linux-gnu/4.8/lto-wrapper
Target: x86_64-linux-gnu
Configured with: ../src/configure -v --with-pkgversion='Ubuntu 4.8.2-19ubuntu1' --with-bugurl=file:///usr/share/doc/gcc-4.8/README.Bugs --enable-languages=c,c++,java,go,d,fortran,objc,obj-c++ --prefix=/usr --program-suffix=-4.8 --enable-shared --enable-linker-build-id --libexecdir=/usr/lib --without-included-gettext --enable-threads=posix --with-gxx-include-dir=/usr/include/c++/4.8 --libdir=/usr/lib --enable-nls --with-sysroot=/ --enable-clocale=gnu --enable-libstdcxx-debug --enable-libstdcxx-time=yes --enable-gnu-unique-object --disable-libmudflap --enable-plugin --with-system-zlib --disable-browser-plugin --enable-java-awt=gtk --enable-gtk-cairo --with-java-home=/usr/lib/jvm/java-1.5.0-gcj-4.8-amd64/jre --enable-java-home --with-jvm-root-dir=/usr/lib/jvm/java-1.5.0-gcj-4.8-amd64 --with-jvm-jar-dir=/usr/lib/jvm-exports/java-1.5.0-gcj-4.8-amd64 --with-arch-directory=amd64 --with-ecj-jar=/usr/share/java/eclipse-ecj.jar --enable-objc-gc --enable-multiarch --disable-werror --with-arch-32=i686 --with-abi=m64 --with-multilib-list=m32,m64,mx32 --with-tune=generic --enable-checking=release --build=x86_64-linux-gnu --host=x86_64-linux-gnu --target=x86_64-linux-gnu
Thread model: posix
gcc version 4.8.2 (Ubuntu 4.8.2-19ubuntu1) 
configure:2842: $? = 0
configure:2831: gcc -V >&5
gcc: error: unrecognized command line option '-V'
gcc: fatal error: no input files
compilation terminated.
configure:2842: $? = 4
configure:2831: gcc -qversion >&5
gcc: error: unrecognized command line option '-qversion'
gcc: fatal error: no input files
compilation terminated.
configure:2842: $? = 4
configure:2862: checking whether the C compiler works
configure:2884: gcc    conftest.c  >&5
configure:2888: $? = 0
configure:2936: result: yes
configure:2939: checking for C compiler default output file name
configure:2941: result: a.out
configure:2947: checking for suffix of executables
configure:2954: gcc -o conftest    conftest.c  >&5
configure:2958: $? = 0
configure:2980: result: 
configure:3002: checking whether we are cross compiling
configure:3010: gcc -o conftest    conftest.c  >&5
configure:3014: $? = 0
configure:3021: ./conftest
configure:3025: $? = 0
configure:3040: result: no
configure:3045: checking for suffix of object files
configure:3067: gcc -c   conftest.c >&5
configure:3071: $? = 0
configure:3092: result: o
configure:3096: checking whether we are using the GNU C compiler
configure:3115: gcc -c   conftest.c >&5
configure:3115: $? = 0
configure:3124: result: yes
configure:3133: checking whether gcc accepts -g
configure:3153: gcc -c -g  conftest.c >&5
configure:3153: $? = 0
configure:3194: result: yes
configure:3211: checking for gcc option to accept ISO C89
configure:3274: gcc  -c -g -O2  conftest.c >&5
configure:3274: $? = 0
configure:3287: result: none needed
configure:3590: checking for inline
configure:3626: gcc -c  -fpic  conftest.c >&5
configure:3626: $? = 0
configure:3641: result: inline
configure:3653: checking for __attribute__
configure:3680: gcc -c -g -O2  conftest.c >&5
configure:3680: $? = 0
configure:3699: result: yes
configure:3704: checking whether __attribute__((unused)) can be used without warnings
configure:3727: gcc -c -g -O2 -Werror  conftest.c >&5
configure:3727: $? = 0
configure:3741: result: yes
configure:3745: checking whether __attribute__((format)) can be used without warnings
configure:3769: gcc -c -g -O2 -Werror  conftest.c >&5
configure:3769: $? = 0
configure:3783: result: yes
configure:3793: checking how to run the C preprocessor
configure:3824: gcc -E  conftest.c
configure:3824: $? = 0
configure:3838: gcc -E  conftest.c
conftest.c:12:28: fatal error: ac_nonexistent.h: No such file or directory
 #include <ac_nonexistent.h>
                            ^
compilation terminated.
configure:3838: $? = 1
configure: failed program was:
| /* confdefs.h */
| #define PACKAGE_NAME ""
| #define PACKAGE_TARNAME ""
| #define PACKAGE_VERSION ""
| #define PACKAGE_STRING ""
| #define PACKAGE_BUGREPORT ""
| #define PACKAGE_URL ""
| #define inline inline
| #define HAVE___ATTRIBUTE__ 1
| #define __ATTRIBUTE___FORMAT_OK 1
| /* end confdefs.h.  */
| #include <ac_nonexistent.h>
configure:3863: result: gcc -E
configure:3883: gcc -E  conftest.c
configure:3883: $? = 0
configure:3897: gcc -E  conftest.c
conftest.c:12:28: fatal error: ac_nonexistent.h: No such file or directory
 #include <ac_nonexistent.h>
                            ^
compilation terminated.
configure:3897: $? = 1
configure: failed program was:
| /* confdefs.h */
| #define PACKAGE_NAME ""
| #define PACKAGE_TARNAME ""
| #define PACKAGE_VERSION ""
| #define PACKAGE_STRING ""
| #define PACKAGE_BUGREPORT ""
| #define PACKAGE_URL ""
| #define inline inline
| #define HAVE___ATTRIBUTE__ 1
| #define __ATTRIBUTE___FORMAT_OK 1
| /* end confdefs.h.  */
| #include <ac_nonexistent.h>
configure:3926: checking for grep that handles long lines and -e
configure:3984: result: /bin/grep
configure:3989: checking for egrep
configure:4051: result: /bin/grep -E
configure:4056: checking for ANSI C header files
configure:4076: gcc -c -g -O2  conftest.c >&5
configure:4076: $? = 0
configure:4149: gcc -o conftest -g -O2   conftest.c  >&5
configure:4149: $? = 0
configure:4149: ./conftest
configure:4149: $? = 0
configure:4160: result: yes
configure:4173: checking for sys/types.h
configure:4173: gcc -c -g -O2  conftest.c >&5
configure:4173: $? = 0
configure:4173: result: yes
configure:4173: checking for sys/stat.h
configure:4173: gcc -c -g -O2  conftest.c >&5
configure:4173: $? = 0
configure:4173: result: yes
configure:4173: checking for stdlib.h
configure:4173: gcc -c -g -O2  conftest.c >&5
configure:4173: $? = 0
configure:4173: result: yes
configure:4173: checking for string.h
configure:4173: gcc -c -g -O2  conftest.c >&5
configure:4173: $? = 0
configure:4173: result: yes
configure:4173: checking for memory.h
configure:4173: gcc -c -g -O2  conftest.c >&5
configure:4173: $? = 0
configure:4173: result: yes
configure:4173: checking for strings.h
configure:4173: gcc -c -g -O2  conftest.c >&5
configure:4173: $? = 0
configure:4173: result: yes
configure:4173: checking for inttypes.h
configure:4173: gcc -c -g -O2  conftest.c >&5
configure:4173: $? = 0
configure:4173: result: yes
configure:4173: checking for stdint.h
configure:4173: gcc -c -g -O2  conftest.c >&5
configure:4173: $? = 0
configure:4173: result: yes
configure:4173: checking for unistd.h
configure:4173: gcc -c -g -O2  conftest.c >&5
configure:4173: $? = 0
configure:4173: result: yes
configure:4187: checking sys/bitypes.h usability
configure:4187: gcc -c -g -O2  conftest.c >&5
configure:4187: $? = 0
configure:4187: result: yes
configure:4187: checking sys/bitypes.h presence
configure:4187: gcc -E  conftest.c
configure:4187: $? = 0
configure:4187: result: yes
configure:4187: checking for sys/bitypes.h
configure:4187: result: yes
configure:4198: checking for int8_t
configure:4198: gcc -c -g -O2  conftest.c >&5
configure:4198: $? = 0
configure:4198: gcc -c -g -O2  conftest.c >&5
conftest.c: In function 'main':
conftest.c:63:21: error: expected expression before ')' token
 if (sizeof ((int8_t)))
                     ^
configure:4198: $? = 1
configure: failed program was:
| /* confdefs.h */
| #define PACKAGE_NAME ""
| #define PACKAGE_TARNAME ""
| #define PACKAGE_VERSION ""
| #define PACKAGE_STRING ""
| #define PACKAGE_BUGREPORT ""
| #define PACKAGE_URL ""
| #define inline inline
| #define HAVE___ATTRIBUTE__ 1
| #define __ATTRIBUTE___FORMAT_OK 1
| #define STDC_HEADERS 1
| #define HAVE_SYS_TYPES_H 1
| #define HAVE_SYS_STAT_H 1
| #define HAVE_STDLIB_H 1
| #define HAVE_STRING_H 1
| #define HAVE_MEMORY_H 1
| #define HAVE_STRINGS_H 1
| #define HAVE_INTTYPES_H 1
| #define HAVE_STDINT_H 1
| #define HAVE_UNISTD_H 1
| #define HAVE_SYS_BITYPES_H 1
| /* end confdefs.h.  */
| #include <stdio.h>
| #ifdef HAVE_SYS_TYPES_H
| # include <sys/types.h>
| #endif
| #ifdef HAVE_SYS_STAT_H
| # include <sys/stat.h>
| #endif
| #ifdef STDC_HEADERS
| # include <stdlib.h>
| # include <stddef.h>
| #else
| # ifdef HAVE_STDLIB_H
| #  include <stdlib.h>
| # endif
| #endif
| #ifdef HAVE_STRING_H
| # if !defined STDC_HEADERS && defined HAVE_MEMORY_H
| #  include <memory.h>
| # endif
| # include <string.h>
| #endif
| #ifdef HAVE_STRINGS_H
| # include <strings.h>
| #endif
| #ifdef HAVE_INTTYPES_H
| # include <inttypes.h>
| #endif
| #ifdef HAVE_STDINT_H
| # include <stdint.h>
| #endif
| #ifdef HAVE_UNISTD_H
| # include <unistd.h>
| #endif
| #ifdef HAVE_SYS_BITYPES_H
| #include <sys/bitypes.h>
| #endif
| 
| int
| main ()
| {
| if (sizeof ((int8_t)))
| 	    return 0;
|   ;
|   return 0;
| }
configure:4198: result: yes
configure:4211: checking for u_int8_t
configure:4211: gcc -c -g -O2  conftest.c >&5
configure:4211: $? = 0
configure:4211: gcc -c -g -O2  conftest.c >&5
conftest.c: In function 'main':
conftest.c:63:23: error: expected expression before ')' token
 if (sizeof ((u_int8_t)))
                       ^
configure:4211: $? = 1
configure: failed program was:
| /* confdefs.h */
| #define PACKAGE_NAME ""
| #define PACKAGE_TARNAME ""
| #define PACKAGE_VERSION ""
| #define PACKAGE_STRING ""
| #define PACKAGE_BUGREPORT ""
| #define PACKAGE_URL ""
| #define inline inline
| #define HAVE___ATTRIBUTE__ 1
| #define __ATTRIBUTE___FORMAT_OK 1
| #define STDC_HEADERS 1
| #define HAVE_SYS_TYPES_H 1
| #define HAVE_SYS_STAT_H 1
| #define HAVE_STDLIB_H 1
| #define HAVE_STRING_H 1
| #define HAVE_MEMORY_H 1
| #define HAVE_STRINGS_H 1
| #define HAVE_INTTYPES_H 1
| #define HAVE_STDINT_H 1
| #define HAVE_UNISTD_H 1
| #define HAVE_SYS_BITYPES_H 1
| /* end confdefs.h.  */
| #include <stdio.h>
| #ifdef HAVE_SYS_TYPES_H
| # include <sys/types.h>
| #endif
| #ifdef HAVE_SYS_STAT_H
| # include <sys/stat.h>
| #endif
| #ifdef STDC_HEADERS
| # include <stdlib.h>
| # include <stddef.h>
| #else
| # ifdef HAVE_STDLIB_H
| #  include <stdlib.h>
| # endif
| #endif
| #ifdef HAVE_STRING_H
| # if !defined STDC_HEADERS && defined HAVE_MEMORY_H
| #  include <memory.h>
| # endif
| # include <string.h>
| #endif
| #ifdef HAVE_STRINGS_H
| # include <strings.h>
| #endif
| #ifdef HAVE_INTTYPES_H
| # include <inttypes.h>
| #endif
| #ifdef HAVE_STDINT_H
| # include <stdint.h>
| #endif
| #ifdef HAVE_UNISTD_H
| # include <unistd.h>
| #endif
| #ifdef HAVE_SYS_BITYPES_H
| #include <sys/bitypes.h>
| #endif
| 
| int
| main ()
| {
| if (sizeof ((u_int8_t)))
| 	    return 0;
|   ;
|   return 0;
| }
configure:4211: result: yes
configure:4224: checking for int16_t
configure:4224: gcc -c -g -O2  conftest.c >&5
configure:4224: $? = 0
configure:4224: gcc -c -g -O2  conftest.c >&5
conftest.c: In function 'main':
conftest.c:59:22: error: expected expression before ')' token
 if (sizeof ((int16_t)))
                      ^
configure:4224: $? = 1
configure: failed program was:
| /* confdefs.h */
| #define PACKAGE_NAME ""
| #define PACKAGE_TARNAME ""
| #define PACKAGE_VERSION ""
| #define PACKAGE_STRING ""
| #define PACKAGE_BUGREPORT ""
| #define PACKAGE_URL ""
| #define inline inline
| #define HAVE___ATTRIBUTE__ 1
| #define __ATTRIBUTE___FORMAT_OK 1
| #define STDC_HEADERS 1
| #define HAVE_SYS_TYPES_H 1
| #define HAVE_SYS_STAT_H 1
| #define HAVE_STDLIB_H 1
| #define HAVE_STRING_H 1
| #define HAVE_MEMORY_H 1
| #define HAVE_STRINGS_H 1
| #define HAVE_INTTYPES_H 1
| #define HAVE_STDINT_H 1
| #define HAVE_UNISTD_H 1
| #define HAVE_SYS_BITYPES_H 1
| /* end confdefs.h.  */
| #include <stdio.h>
| #ifdef HAVE_SYS_TYPES_H
| # include <sys/types.h>
| #endif
| #ifdef HAVE_SYS_STAT_H
| # include <sys/stat.h>
| #endif
| #ifdef STDC_HEADERS
| # include <stdlib.h>
| # include <stddef.h>
| #else
| # ifdef HAVE_STDLIB_H
| #  include <stdlib.h>
| # endif
| #endif
| #ifdef HAVE_STRING_H
| # if !defined STDC_HEADERS && defined HAVE_MEMORY_H
| #  include <memory.h>
| # endif
| # include <string.h>
| #endif
| #ifdef HAVE_STRINGS_H
| # include <strings.h>
| #endif
| #ifdef HAVE_INTTYPES_H
| # include <inttypes.h>
| #endif
| #ifdef HAVE_STDINT_H
| # include <stdint.h>
| #endif
| #ifdef HAVE_UNISTD_H
| # include <unistd.h>
| #endif
| int
| main ()
| {
| if (sizeof ((int16_t)))
| 	    return 0;
|   ;
|   return 0;
| }
configure:4224: result: yes
configure:4237: checking for u_int16_t
configure:4237: gcc -c -g -O2  conftest.c >&5
configure:4237: $? = 0
configure:4237: gcc -c -g -O2  conftest.c >&5
conftest.c: In function 'main':
conftest.c:63:24: error: expected expression before ')' token
 if (sizeof ((u_int16_t)))
                        ^
configure:4237: $? = 1
configure: failed program was:
| /* confdefs.h */
| #define PACKAGE_NAME ""
| #define PACKAGE_TARNAME ""
| #define PACKAGE_VERSION ""
| #define PACKAGE_STRING ""
| #define PACKAGE_BUGREPORT ""
| #define PACKAGE_URL ""
| #define inline inline
| #define HAVE___ATTRIBUTE__ 1
| #define __ATTRIBUTE___FORMAT_OK 1
| #define STDC_HEADERS 1
| #define HAVE_SYS_TYPES_H 1
| #define HAVE_SYS_STAT_H 1
| #define HAVE_STDLIB_H 1
| #define HAVE_STRING_H 1
| #define HAVE_MEMORY_H 1
| #define HAVE_STRINGS_H 1
| #define HAVE_INTTYPES_H 1
| #define HAVE_STDINT_H 1
| #define HAVE_UNISTD_H 1
| #define HAVE_SYS_BITYPES_H 1
| /* end confdefs.h.  */
| #include <stdio.h>
| #ifdef HAVE_SYS_TYPES_H
| # include <sys/types.h>
| #endif
| #ifdef HAVE_SYS_STAT_H
| # include <sys/stat.h>
| #endif
| #ifdef STDC_HEADERS
| # include <stdlib.h>
| # include <stddef.h>
| #else
| # ifdef HAVE_STDLIB_H
| #  include <stdlib.h>
| # endif
| #endif
| #ifdef HAVE_STRING_H
| # if !defined STDC_HEADERS && defined HAVE_MEMORY_H
| #  include <memory.h>
| # endif
| # include <string.h>
| #endif
| #ifdef HAVE_STRINGS_H
| # include <strings.h>
| #endif
| #ifdef HAVE_INTTYPES_H
| # include <inttypes.h>
| #endif
| #ifdef HAVE_STDINT_H
| # include <stdint.h>
| #endif
| #ifdef HAVE_UNISTD_H
| # include <unistd.h>
| #endif
| #ifdef HAVE_SYS_BITYPES_H
| #include <sys/bitypes.h>
| #endif
| 
| int
| main ()
| {
| if (sizeof ((u_int16_t)))
| 	    return 0;
|   ;
|   return 0;
| }
configure:4237: result: yes
configure:4250: checking for int32_t
configure:4250: gcc -c -g -O2  conftest.c >&5
configure:4250: $? = 0
configure:4250: gcc -c -g -O2  conftest.c >&5
conftest.c: In function 'main':
conftest.c:63:22: error: expected expression before ')' token
 if (sizeof ((int32_t)))
                      ^
configure:4250: $? = 1
configure: failed program was:
| /* confdefs.h */
| #define PACKAGE_NAME ""
| #define PACKAGE_TARNAME ""
| #define PACKAGE_VERSION ""
| #define PACKAGE_STRING ""
| #define PACKAGE_BUGREPORT ""
| #define PACKAGE_URL ""
| #define inline inline
| #define HAVE___ATTRIBUTE__ 1
| #define __ATTRIBUTE___FORMAT_OK 1
| #define STDC_HEADERS 1
| #define HAVE_SYS_TYPES_H 1
| #define HAVE_SYS_STAT_H 1
| #define HAVE_STDLIB_H 1
| #define HAVE_STRING_H 1
| #define HAVE_MEMORY_H 1
| #define HAVE_STRINGS_H 1
| #define HAVE_INTTYPES_H 1
| #define HAVE_STDINT_H 1
| #define HAVE_UNISTD_H 1
| #define HAVE_SYS_BITYPES_H 1
| /* end confdefs.h.  */
| #include <stdio.h>
| #ifdef HAVE_SYS_TYPES_H
| # include <sys/types.h>
| #endif
| #ifdef HAVE_SYS_STAT_H
| # include <sys/stat.h>
| #endif
| #ifdef STDC_HEADERS
| # include <stdlib.h>
| # include <stddef.h>
| #else
| # ifdef HAVE_STDLIB_H
| #  include <stdlib.h>
| # endif
| #endif
| #ifdef HAVE_STRING_H
| # if !defined STDC_HEADERS && defined HAVE_MEMORY_H
| #  include <memory.h>
| # endif
| # include <string.h>
| #endif
| #ifdef HAVE_STRINGS_H
| # include <strings.h>
| #endif
| #ifdef HAVE_INTTYPES_H
| # include <inttypes.h>
| #endif
| #ifdef HAVE_STDINT_H
| # include <stdint.h>
| #endif
| #ifdef HAVE_UNISTD_H
| # include <unistd.h>
| #endif
| #ifdef HAVE_SYS_BITYPES_H
| #include <sys/bitypes.h>
| #endif
| 
| int
| main ()
| {
| if (sizeof ((int32_t)))
| 	    return 0;
|   ;
|   return 0;
| }
configure:4250: result: yes
configure:4263: checking for u_int32_t
configure:4263: gcc -c -g -O2  conftest.c >&5
configure:4263: $? = 0
configure:4263: gcc -c -g -O2  conftest.c >&5
conftest.c: In function 'main':
conftest.c:63:24: error: expected expression before ')' token
 if (sizeof ((u_int32_t)))
                        ^
configure:4263: $? = 1
configure: failed program was:
| /* confdefs.h */
| #define PACKAGE_NAME ""
| #define PACKAGE_TARNAME ""
| #define PACKAGE_VERSION ""
| #define PACKAGE_STRING ""
| #define PACKAGE_BUGREPORT ""
| #define PACKAGE_URL ""
| #define inline inline
| #define HAVE___ATTRIBUTE__ 1
| #define __ATTRIBUTE___FORMAT_OK 1
| #define STDC_HEADERS 1
| #define HAVE_SYS_TYPES_H 1
| #define HAVE_SYS_STAT_H 1
| #define HAVE_STDLIB_H 1
| #define HAVE_STRING_H 1
| #define HAVE_MEMORY_H 1
| #define HAVE_STRINGS_H 1
| #define HAVE_INTTYPES_H 1
| #define HAVE_STDINT_H 1
| #define HAVE_UNISTD_H 1
| #define HAVE_SYS_BITYPES_H 1
| /* end confdefs.h.  */
| #include <stdio.h>
| #ifdef HAVE_SYS_TYPES_H
| # include <sys/types.h>
| #endif
| #ifdef HAVE_SYS_STAT_H
| # include <sys/stat.h>
| #endif
| #ifdef STDC_HEADERS
| # include <stdlib.h>
| # include <stddef.h>
| #else
| # ifdef HAVE_STDLIB_H
| #  include <stdlib.h>
| # endif
| #endif
| #ifdef HAVE_STRING_H
| # if !defined STDC_HEADERS && defined HAVE_MEMORY_H
| #  include <memory.h>
| # endif
| # include <string.h>
| #endif
| #ifdef HAVE_STRINGS_H
| # include <strings.h>
| #endif
| #ifdef HAVE_INTTYPES_H
| # include <inttypes.h>
| #endif
| #ifdef HAVE_STDINT_H
| # include <stdint.h>
| #endif
| #ifdef HAVE_UNISTD_H
| # include <unistd.h>
| #endif
| #ifdef HAVE_SYS_BITYPES_H
| #include <sys/bitypes.h>
| #endif
| 
| int
| main ()
| {
| if (sizeof ((u_int32_t)))
| 	    return 0;
|   ;
|   return 0;
| }
configure:4263: result: yes
configure:4276: checking for int64_t
configure:4276: gcc -c -g -O2  conftest.c >&5
configure:4276: $? = 0
configure:4276: gcc -c -g -O2  conftest.c >&5
conftest.c: In function 'main':
conftest.c:63:22: error: expected expression before ')' token
 if (sizeof ((int64_t)))
                      ^
configure:4276: $? = 1
configure: failed program was:
| /* confdefs.h */
| #define PACKAGE_NAME ""
| #define PACKAGE_TARNAME ""
| #define PACKAGE_VERSION ""
| #define PACKAGE_STRING ""
| #define PACKAGE_BUGREPORT ""
| #define PACKAGE_URL ""
| #define inline inline
| #define HAVE___ATTRIBUTE__ 1
| #define __ATTRIBUTE___FORMAT_OK 1
| #define STDC_HEADERS 1
| #define HAVE_SYS_TYPES_H 1
| #define HAVE_SYS_STAT_H 1
| #define HAVE_STDLIB_H 1
| #define HAVE_STRING_H 1
| #define HAVE_MEMORY_H 1
| #define HAVE_STRINGS_H 1
| #define HAVE_INTTYPES_H 1
| #define HAVE_STDINT_H 1
| #define HAVE_UNISTD_H 1
| #define HAVE_SYS_BITYPES_H 1
| /* end confdefs.h.  */
| #include <stdio.h>
| #ifdef HAVE_SYS_TYPES_H
| # include <sys/types.h>
| #endif
| #ifdef HAVE_SYS_STAT_H
| # include <sys/stat.h>
| #endif
| #ifdef STDC_HEADERS
| # include <stdlib.h>
| # include <stddef.h>
| #else
| # ifdef HAVE_STDLIB_H
| #  include <stdlib.h>
| # endif
| #endif
| #ifdef HAVE_STRING_H
| # if !defined STDC_HEADERS && defined HAVE_MEMORY_H
| #  include <memory.h>
| # endif
| # include <string.h>
| #endif
| #ifdef HAVE_STRINGS_H
| # include <strings.h>
| #endif
| #ifdef HAVE_INTTYPES_H
| # include <inttypes.h>
| #endif
| #ifdef HAVE_STDINT_H
| # include <stdint.h>
| #endif
| #ifdef HAVE_UNISTD_H
| # include <unistd.h>
| #endif
| #ifdef HAVE_SYS_BITYPES_H
| #include <sys/bitypes.h>
| #endif
| 
| int
| main ()
| {
| if (sizeof ((int64_t)))
| 	    return 0;
|   ;
|   return 0;
| }
configure:4276: result: yes
configure:4289: checking for u_int64_t
configure:4289: gcc -c -g -O2  conftest.c >&5
configure:4289: $? = 0
configure:4289: gcc -c -g -O2  conftest.c >&5
conftest.c: In function 'main':
conftest.c:63:24: error: expected expression before ')' token
 if (sizeof ((u_int64_t)))
                        ^
configure:4289: $? = 1
configure: failed program was:
| /* confdefs.h */
| #define PACKAGE_NAME ""
| #define PACKAGE_TARNAME ""
| #define PACKAGE_VERSION ""
| #define PACKAGE_STRING ""
| #define PACKAGE_BUGREPORT ""
| #define PACKAGE_URL ""
| #define inline inline
| #define HAVE___ATTRIBUTE__ 1
| #define __ATTRIBUTE___FORMAT_OK 1
| #define STDC_HEADERS 1
| #define HAVE_SYS_TYPES_H 1
| #define HAVE_SYS_STAT_H 1
| #define HAVE_STDLIB_H 1
| #define HAVE_STRING_H 1
| #define HAVE_MEMORY_H 1
| #define HAVE_STRINGS_H 1
| #define HAVE_INTTYPES_H 1
| #define HAVE_STDINT_H 1
| #define HAVE_UNISTD_H 1
| #define HAVE_SYS_BITYPES_H 1
| /* end confdefs.h.  */
| #include <stdio.h>
| #ifdef HAVE_SYS_TYPES_H
| # include <sys/types.h>
| #endif
| #ifdef HAVE_SYS_STAT_H
| # include <sys/stat.h>
| #endif
| #ifdef STDC_HEADERS
| # include <stdlib.h>
| # include <stddef.h>
| #else
| # ifdef HAVE_STDLIB_H
| #  include <stdlib.h>
| # endif
| #endif
| #ifdef HAVE_STRING_H
| # if !defined STDC_HEADERS && defined HAVE_MEMORY_H
| #  include <memory.h>
| # endif
| # include <string.h>
| #endif
| #ifdef HAVE_STRINGS_H
| # include <strings.h>
| #endif
| #ifdef HAVE_INTTYPES_H
| # include <inttypes.h>
| #endif
| #ifdef HAVE_STDINT_H
| # include <stdint.h>
| #endif
| #ifdef HAVE_UNISTD_H
| # include <unistd.h>
| #endif
| #ifdef HAVE_SYS_BITYPES_H
| #include <sys/bitypes.h>
| #endif
| 
| int
| main ()
| {
| if (sizeof ((u_int64_t)))
| 	    return 0;
|   ;
|   return 0;
| }
configure:4289: result: yes
configure:4313: checking for special C compiler options needed for large files
configure:4358: result: no
configure:4364: checking for _FILE_OFFSET_BITS value needed for large files
configure:4389: gcc -c -g -O2  conftest.c >&5
configure:4389: $? = 0
configure:4421: result: no
configure:4506: checking for _LARGEFILE_SOURCE value needed for large files
configure:4525: gcc -o conftest -g -O2   conftest.c  >&5
configure:4525: $? = 0
configure:4553: result: no
configure:4578: checking sys/ioccom.h usability
configure:4578: gcc -c -g -O2  conftest.c >&5
conftest.c:57:24: fatal error: sys/ioccom.h: No such file or directory
 #include <sys/ioccom.h>
                        ^
compilation terminated.
configure:4578: $? = 1
configure: failed program was:
| /* confdefs.h */
| #define PACKAGE_NAME ""
| #define PACKAGE_TARNAME ""
| #define PACKAGE_VERSION ""
| #define PACKAGE_STRING ""
| #define PACKAGE_BUGREPORT ""
| #define PACKAGE_URL ""
| #define inline inline
| #define HAVE___ATTRIBUTE__ 1
| #define __ATTRIBUTE___FORMAT_OK 1
| #define STDC_HEADERS 1
| #define HAVE_SYS_TYPES_H 1
| #define HAVE_SYS_STAT_H 1
| #define HAVE_STDLIB_H 1
| #define HAVE_STRING_H 1
| #define HAVE_MEMORY_H 1
| #define HAVE_STRINGS_H 1
| #define HAVE_INTTYPES_H 1
| #define HAVE_STDINT_H 1
| #define HAVE_UNISTD_H 1
| #define HAVE_SYS_BITYPES_H 1
| #define HAVE_FSEEKO 1
| /* end confdefs.h.  */
| #include <stdio.h>
| #ifdef HAVE_SYS_TYPES_H
| # include <sys/types.h>
| #endif
| #ifdef HAVE_SYS_STAT_H
| # include <sys/stat.h>
| #endif
| #ifdef STDC_HEADERS
| # include <stdlib.h>
| # include <stddef.h>
| #else
| # ifdef HAVE_STDLIB_H
| #  include <stdlib.h>
| # endif
| #endif
| #ifdef HAVE_STRING_H
| # if !defined STDC_HEADERS && defined HAVE_MEMORY_H
| #  include <memory.h>
| # endif
| # include <string.h>
| #endif
| #ifdef HAVE_STRINGS_H
| # include <strings.h>
| #endif
| #ifdef HAVE_INTTYPES_H
| # include <inttypes.h>
| #endif
| #ifdef HAVE_STDINT_H
| # include <stdint.h>
| #endif
| #ifdef HAVE_UNISTD_H
| # include <unistd.h>
| #endif
| #include <sys/ioccom.h>
configure:4578: result: no
configure:4578: checking sys/ioccom.h presence
configure:4578: gcc -E  conftest.c
conftest.c:24:24: fatal error: sys/ioccom.h: No such file or directory
 #include <sys/ioccom.h>
                        ^
compilation terminated.
configure:4578: $? = 1
configure: failed program was:
| /* confdefs.h */
| #define PACKAGE_NAME ""
| #define PACKAGE_TARNAME ""
| #define PACKAGE_VERSION ""
| #define PACKAGE_STRING ""
| #define PACKAGE_BUGREPORT ""
| #define PACKAGE_URL ""
| #define inline inline
| #define HAVE___ATTRIBUTE__ 1
| #define __ATTRIBUTE___FORMAT_OK 1
| #define STDC_HEADERS 1
| #define HAVE_SYS_TYPES_H 1
| #define HAVE_SYS_STAT_H 1
| #define HAVE_STDLIB_H 1
| #define HAVE_STRING_H 1
| #define HAVE_MEMORY_H 1
| #define HAVE_STRINGS_H 1
| #define HAVE_INTTYPES_H 1
| #define HAVE_STDINT_H 1
| #define HAVE_UNISTD_H 1
| #define HAVE_SYS_BITYPES_H 1
| #define HAVE_FSEEKO 1
| /* end confdefs.h.  */
| #include <sys/ioccom.h>
configure:4578: result: no
configure:4578: checking for sys/ioccom.h
configure:4578: result: no
configure:4578: checking sys/sockio.h usability
configure:4578: gcc -c -g -O2  conftest.c >&5
conftest.c:57:24: fatal error: sys/sockio.h: No such file or directory
 #include <sys/sockio.h>
                        ^
compilation terminated.
configure:4578: $? = 1
configure: failed program was:
| /* confdefs.h */
| #define PACKAGE_NAME ""
| #define PACKAGE_TARNAME ""
| #define PACKAGE_VERSION ""
| #define PACKAGE_STRING ""
| #define PACKAGE_BUGREPORT ""
| #define PACKAGE_URL ""
| #define inline inline
| #define HAVE___ATTRIBUTE__ 1
| #define __ATTRIBUTE___FORMAT_OK 1
| #define STDC_HEADERS 1
| #define HAVE_SYS_TYPES_H 1
| #define HAVE_SYS_STAT_H 1
| #define HAVE_STDLIB_H 1
| #define HAVE_STRING_H 1
| #define HAVE_MEMORY_H 1
| #define HAVE_STRINGS_H 1
| #define HAVE_INTTYPES_H 1
| #define HAVE_STDINT_H 1
| #define HAVE_UNISTD_H 1
| #define HAVE_SYS_BITYPES_H 1
| #define HAVE_FSEEKO 1
| /* end confdefs.h.  */
| #include <stdio.h>
| #ifdef HAVE_SYS_TYPES_H
| # include <sys/types.h>
| #endif
| #ifdef HAVE_SYS_STAT_H
| # include <sys/stat.h>
| #endif
| #ifdef STDC_HEADERS
| # include <stdlib.h>
| # include <stddef.h>
| #else
| # ifdef HAVE_STDLIB_H
| #  include <stdlib.h>
| # endif
| #endif
| #ifdef HAVE_STRING_H
| # if !defined STDC_HEADERS && defined HAVE_MEMORY_H
| #  include <memory.h>
| # endif
| # include <string.h>
| #endif
| #ifdef HAVE_STRINGS_H
| # include <strings.h>
| #endif
| #ifdef HAVE_INTTYPES_H
| # include <inttypes.h>
| #endif
| #ifdef HAVE_STDINT_H
| # include <stdint.h>
| #endif
| #ifdef HAVE_UNISTD_H
| # include <unistd.h>
| #endif
| #include <sys/sockio.h>
configure:4578: result: no
configure:4578: checking sys/sockio.h presence
configure:4578: gcc -E  conftest.c
conftest.c:24:24: fatal error: sys/sockio.h: No such file or directory
 #include <sys/sockio.h>
                        ^
compilation terminated.
configure:4578: $? = 1
configure: failed program was:
| /* confdefs.h */
| #define PACKAGE_NAME ""
| #define PACKAGE_TARNAME ""
| #define PACKAGE_VERSION ""
| #define PACKAGE_STRING ""
| #define PACKAGE_BUGREPORT ""
| #define PACKAGE_URL ""
| #define inline inline
| #define HAVE___ATTRIBUTE__ 1
| #define __ATTRIBUTE___FORMAT_OK 1
| #define STDC_HEADERS 1
| #define HAVE_SYS_TYPES_H 1
| #define HAVE_SYS_STAT_H 1
| #define HAVE_STDLIB_H 1
| #define HAVE_STRING_H 1
| #define HAVE_MEMORY_H 1
| #define HAVE_STRINGS_H 1
| #define HAVE_INTTYPES_H 1
| #define HAVE_STDINT_H 1
| #define HAVE_UNISTD_H 1
| #define HAVE_SYS_BITYPES_H 1
| #define HAVE_FSEEKO 1
| /* end confdefs.h.  */
| #include <sys/sockio.h>
configure:4578: result: no
configure:4578: checking for sys/sockio.h
configure:4578: result: no
configure:4578: checking limits.h usability
configure:4578: gcc -c -g -O2  conftest.c >&5
configure:4578: $? = 0
configure:4578: result: yes
configure:4578: checking limits.h presence
configure:4578: gcc -E  conftest.c
configure:4578: $? = 0
configure:4578: result: yes
configure:4578: checking for limits.h
configure:4578: result: yes
configure:4578: checking paths.h usability
configure:4578: gcc -c -g -O2  conftest.c >&5
configure:4578: $? = 0
configure:4578: result: yes
configure:4578: checking paths.h presence
configure:4578: gcc -E  conftest.c
configure:4578: $? = 0
configure:4578: result: yes
configure:4578: checking for paths.h
configure:4578: result: yes
configure:4590: checking linux/types.h usability
configure:4590: gcc -c -g -O2  conftest.c >&5
configure:4590: $? = 0
configure:4590: result: yes
configure:4590: checking linux/types.h presence
configure:4590: gcc -E  conftest.c
configure:4590: $? = 0
configure:4590: result: yes
configure:4590: checking for linux/types.h
configure:4590: result: yes
configure:4603: checking linux/if_packet.h usability
configure:4603: gcc -c -g -O2  conftest.c >&5
configure:4603: $? = 0
configure:4603: result: yes
configure:4603: checking linux/if_packet.h presence
configure:4603: gcc -E  conftest.c
configure:4603: $? = 0
configure:4603: result: yes
configure:4603: checking for linux/if_packet.h
configure:4603: result: yes
configure:4603: checking netpacket/packet.h usability
configure:4603: gcc -c -g -O2  conftest.c >&5
configure:4603: $? = 0
configure:4603: result: yes
configure:4603: checking netpacket/packet.h presence
configure:4603: gcc -E  conftest.c
configure:4603: $? = 0
configure:4603: result: yes
configure:4603: checking for netpacket/packet.h
configure:4603: result: yes
configure:4603: checking netpacket/if_packet.h usability
configure:4603: gcc -c -g -O2  conftest.c >&5
conftest.c:62:33: fatal error: netpacket/if_packet.h: No such file or directory
 #include <netpacket/if_packet.h>
                                 ^
compilation terminated.
configure:4603: $? = 1
configure: failed program was:
| /* confdefs.h */
| #define PACKAGE_NAME ""
| #define PACKAGE_TARNAME ""
| #define PACKAGE_VERSION ""
| #define PACKAGE_STRING ""
| #define PACKAGE_BUGREPORT ""
| #define PACKAGE_URL ""
| #define inline inline
| #define HAVE___ATTRIBUTE__ 1
| #define __ATTRIBUTE___FORMAT_OK 1
| #define STDC_HEADERS 1
| #define HAVE_SYS_TYPES_H 1
| #define HAVE_SYS_STAT_H 1
| #define HAVE_STDLIB_H 1
| #define HAVE_STRING_H 1
| #define HAVE_MEMORY_H 1
| #define HAVE_STRINGS_H 1
| #define HAVE_INTTYPES_H 1
| #define HAVE_STDINT_H 1
| #define HAVE_UNISTD_H 1
| #define HAVE_SYS_BITYPES_H 1
| #define HAVE_FSEEKO 1
| #define HAVE_LIMITS_H 1
| #define HAVE_PATHS_H 1
| #define HAVE_LINUX_TYPES_H 1
| #define HAVE_LINUX_IF_PACKET_H 1
| #define HAVE_NETPACKET_PACKET_H 1
| /* end confdefs.h.  */
| #include <stdio.h>
| #ifdef HAVE_SYS_TYPES_H
| # include <sys/types.h>
| #endif
| #ifdef HAVE_SYS_STAT_H
| # include <sys/stat.h>
| #endif
| #ifdef STDC_HEADERS
| # include <stdlib.h>
| # include <stddef.h>
| #else
| # ifdef HAVE_STDLIB_H
| #  include <stdlib.h>
| # endif
| #endif
| #ifdef HAVE_STRING_H
| # if !defined STDC_HEADERS && defined HAVE_MEMORY_H
| #  include <memory.h>
| # endif
| # include <string.h>
| #endif
| #ifdef HAVE_STRINGS_H
| # include <strings.h>
| #endif
| #ifdef HAVE_INTTYPES_H
| # include <inttypes.h>
| #endif
| #ifdef HAVE_STDINT_H
| # include <stdint.h>
| #endif
| #ifdef HAVE_UNISTD_H
| # include <unistd.h>
| #endif
| #include <netpacket/if_packet.h>
configure:4603: result: no
configure:4603: checking netpacket/if_packet.h presence
configure:4603: gcc -E  conftest.c
conftest.c:29:33: fatal error: netpacket/if_packet.h: No such file or directory
 #include <netpacket/if_packet.h>
                                 ^
compilation terminated.
configure:4603: $? = 1
configure: failed program was:
| /* confdefs.h */
| #define PACKAGE_NAME ""
| #define PACKAGE_TARNAME ""
| #define PACKAGE_VERSION ""
| #define PACKAGE_STRING ""
| #define PACKAGE_BUGREPORT ""
| #define PACKAGE_URL ""
| #define inline inline
| #define HAVE___ATTRIBUTE__ 1
| #define __ATTRIBUTE___FORMAT_OK 1
| #define STDC_HEADERS 1
| #define HAVE_SYS_TYPES_H 1
| #define HAVE_SYS_STAT_H 1
| #define HAVE_STDLIB_H 1
| #define HAVE_STRING_H 1
| #define HAVE_MEMORY_H 1
| #define HAVE_STRINGS_H 1
| #define HAVE_INTTYPES_H 1
| #define HAVE_STDINT_H 1
| #define HAVE_UNISTD_H 1
| #define HAVE_SYS_BITYPES_H 1
| #define HAVE_FSEEKO 1
| #define HAVE_LIMITS_H 1
| #define HAVE_PATHS_H 1
| #define HAVE_LINUX_TYPES_H 1
| #define HAVE_LINUX_IF_PACKET_H 1
| #define HAVE_NETPACKET_PACKET_H 1
| /* end confdefs.h.  */
| #include <netpacket/if_packet.h>
configure:4603: result: no
configure:4603: checking for netpacket/if_packet.h
configure:4603: result: no
configure:4615: checking for net/pfvar.h
configure:4615: gcc -c -g -O2  conftest.c >&5
conftest.c:33:23: fatal error: net/pfvar.h: No such file or directory
 #include <net/pfvar.h>
                       ^
compilation terminated.
configure:4615: $? = 1
configure: failed program was:
| /* confdefs.h */
| #define PACKAGE_NAME ""
| #define PACKAGE_TARNAME ""
| #define PACKAGE_VERSION ""
| #define PACKAGE_STRING ""
| #define PACKAGE_BUGREPORT ""
| #define PACKAGE_URL ""
| #define inline inline
| #define HAVE___ATTRIBUTE__ 1
| #define __ATTRIBUTE___FORMAT_OK 1
| #define STDC_HEADERS 1
| #define HAVE_SYS_TYPES_H 1
| #define HAVE_SYS_STAT_H 1
| #define HAVE_STDLIB_H 1
| #define HAVE_STRING_H 1
| #define HAVE_MEMORY_H 1
| #define HAVE_STRINGS_H 1
| #define HAVE_INTTYPES_H 1
| #define HAVE_STDINT_H 1
| #define HAVE_UNISTD_H 1
| #define HAVE_SYS_BITYPES_H 1
| #define HAVE_FSEEKO 1
| #define HAVE_LIMITS_H 1
| #define HAVE_PATHS_H 1
| #define HAVE_LINUX_TYPES_H 1
| #define HAVE_LINUX_IF_PACKET_H 1
| #define HAVE_NETPACKET_PACKET_H 1
| /* end confdefs.h.  */
| #include <sys/types.h>
| #include <sys/socket.h>
| #include <net/if.h>
| 
| #include <net/pfvar.h>
configure:4615: result: no
configure:4664: checking for netinet/if_ether.h
configure:4664: gcc -c -g -O2  conftest.c >&5
configure:4664: $? = 0
configure:4664: result: yes
configure:4708: checking for ANSI ioctl definitions
configure:4736: gcc -c -g -O2  conftest.c >&5
configure:4736: $? = 0
configure:4744: result: yes
configure:4756: checking for strerror
configure:4756: gcc -o conftest -g -O2   conftest.c  >&5
configure:4756: $? = 0
configure:4756: result: yes
configure:4756: checking for strlcpy
configure:4756: gcc -o conftest -g -O2   conftest.c  >&5
/tmp/ccthmBFJ.o: In function `main':
/home/yihua/develop/PacketTraceExplorer/libpcap-1.6.1/conftest.c:65: undefined reference to `strlcpy'
collect2: error: ld returned 1 exit status
configure:4756: $? = 1
configure: failed program was:
| /* confdefs.h */
| #define PACKAGE_NAME ""
| #define PACKAGE_TARNAME ""
| #define PACKAGE_VERSION ""
| #define PACKAGE_STRING ""
| #define PACKAGE_BUGREPORT ""
| #define PACKAGE_URL ""
| #define inline inline
| #define HAVE___ATTRIBUTE__ 1
| #define __ATTRIBUTE___FORMAT_OK 1
| #define STDC_HEADERS 1
| #define HAVE_SYS_TYPES_H 1
| #define HAVE_SYS_STAT_H 1
| #define HAVE_STDLIB_H 1
| #define HAVE_STRING_H 1
| #define HAVE_MEMORY_H 1
| #define HAVE_STRINGS_H 1
| #define HAVE_INTTYPES_H 1
| #define HAVE_STDINT_H 1
| #define HAVE_UNISTD_H 1
| #define HAVE_SYS_BITYPES_H 1
| #define HAVE_FSEEKO 1
| #define HAVE_LIMITS_H 1
| #define HAVE_PATHS_H 1
| #define HAVE_LINUX_TYPES_H 1
| #define HAVE_LINUX_IF_PACKET_H 1
| #define HAVE_NETPACKET_PACKET_H 1
| #define HAVE_NETINET_IF_ETHER_H 1
| #define HAVE_STRERROR 1
| /* end confdefs.h.  */
| /* Define strlcpy to an innocuous variant, in case <limits.h> declares strlcpy.
|    For example, HP-UX 11i <limits.h> declares gettimeofday.  */
| #define strlcpy innocuous_strlcpy
| 
| /* System header to define __stub macros and hopefully few prototypes,
|     which can conflict with char strlcpy (); below.
|     Prefer <limits.h> to <assert.h> if __STDC__ is defined, since
|     <limits.h> exists even on freestanding compilers.  */
| 
| #ifdef __STDC__
| # include <limits.h>
| #else
| # include <assert.h>
| #endif
| 
| #undef strlcpy
| 
| /* Override any GCC internal prototype to avoid an error.
|    Use char because int might match the return type of a GCC
|    builtin and then its argument prototype would still apply.  */
| #ifdef __cplusplus
| extern "C"
| #endif
| char strlcpy ();
| /* The GNU C library defines this for functions which it implements
|     to always fail with ENOSYS.  Some functions are actually named
|     something starting with __ and the normal name is an alias.  */
| #if defined __stub_strlcpy || defined __stub___strlcpy
| choke me
| #endif
| 
| int
| main ()
| {
| return strlcpy ();
|   ;
|   return 0;
| }
configure:4756: result: no
configure:4770: checking for vsnprintf
configure:4770: gcc -o conftest -g -O2   conftest.c  >&5
conftest.c:54:6: warning: conflicting types for built-in function 'vsnprintf' [enabled by default]
 char vsnprintf ();
      ^
configure:4770: $? = 0
configure:4770: result: yes
configure:4770: checking for snprintf
configure:4770: gcc -o conftest -g -O2   conftest.c  >&5
conftest.c:55:6: warning: conflicting types for built-in function 'snprintf' [enabled by default]
 char snprintf ();
      ^
configure:4770: $? = 0
configure:4770: result: yes
configure:4799: checking for library containing gethostbyname
configure:4830: gcc -o conftest -g -O2   conftest.c  >&5
configure:4830: $? = 0
configure:4847: result: none required
configure:4900: checking for library containing socket
configure:4931: gcc -o conftest -g -O2   conftest.c  >&5
configure:4931: $? = 0
configure:4948: result: none required
configure:4998: checking for library containing putmsg
configure:5029: gcc -o conftest -g -O2   conftest.c  >&5
/tmp/ccW7ypeT.o: In function `main':
/home/yihua/develop/PacketTraceExplorer/libpcap-1.6.1/conftest.c:44: warning: putmsg is not implemented and will always fail
configure:5029: $? = 0
configure:5046: result: none required
configure:5069: checking for ether_hostton
configure:5069: gcc -o conftest -g -O2   conftest.c  >&5
configure:5069: $? = 0
configure:5069: result: yes
configure:5086: checking whether ether_hostton is declared
configure:5086: gcc -c -g -O2  conftest.c >&5
conftest.c: In function 'main':
conftest.c:52:10: error: 'ether_hostton' undeclared (first use in this function)
   (void) ether_hostton;
          ^
conftest.c:52:10: note: each undeclared identifier is reported only once for each function it appears in
configure:5086: $? = 1
configure: failed program was:
| /* confdefs.h */
| #define PACKAGE_NAME ""
| #define PACKAGE_TARNAME ""
| #define PACKAGE_VERSION ""
| #define PACKAGE_STRING ""
| #define PACKAGE_BUGREPORT ""
| #define PACKAGE_URL ""
| #define inline inline
| #define HAVE___ATTRIBUTE__ 1
| #define __ATTRIBUTE___FORMAT_OK 1
| #define STDC_HEADERS 1
| #define HAVE_SYS_TYPES_H 1
| #define HAVE_SYS_STAT_H 1
| #define HAVE_STDLIB_H 1
| #define HAVE_STRING_H 1
| #define HAVE_MEMORY_H 1
| #define HAVE_STRINGS_H 1
| #define HAVE_INTTYPES_H 1
| #define HAVE_STDINT_H 1
| #define HAVE_UNISTD_H 1
| #define HAVE_SYS_BITYPES_H 1
| #define HAVE_FSEEKO 1
| #define HAVE_LIMITS_H 1
| #define HAVE_PATHS_H 1
| #define HAVE_LINUX_TYPES_H 1
| #define HAVE_LINUX_IF_PACKET_H 1
| #define HAVE_NETPACKET_PACKET_H 1
| #define HAVE_NETINET_IF_ETHER_H 1
| #define HAVE_STRERROR 1
| #define HAVE_VSNPRINTF 1
| #define HAVE_SNPRINTF 1
| #define HAVE_ETHER_HOSTTON 1
| /* end confdefs.h.  */
| 
| #include <sys/types.h>
| #include <sys/socket.h>
| #include <netinet/in.h>
| #include <arpa/inet.h>
| struct mbuf;
| struct rtentry;
| #include <net/if.h>
| #include <netinet/if_ether.h>
| 
| 
| int
| main ()
| {
| #ifndef ether_hostton
| #ifdef __cplusplus
|   (void) ether_hostton;
| #else
|   (void) ether_hostton;
| #endif
| #endif
| 
|   ;
|   return 0;
| }
configure:5086: result: no
configure:5115: checking netinet/ether.h usability
configure:5115: gcc -c -g -O2  conftest.c >&5
configure:5115: $? = 0
configure:5115: result: yes
configure:5115: checking netinet/ether.h presence
configure:5115: gcc -E  conftest.c
configure:5115: $? = 0
configure:5115: result: yes
configure:5115: checking for netinet/ether.h
configure:5115: result: yes
configure:5133: checking whether ether_hostton is declared
configure:5133: gcc -c -g -O2  conftest.c >&5
configure:5133: $? = 0
configure:5133: result: yes
configure:5185: checking if --disable-protochain option is specified
configure:5203: result: enabled
configure:5235: checking packet capture type
configure:5279: result: linux
configure:5486: checking for linux/wireless.h
configure:5486: gcc -c -g -O2  conftest.c >&5
configure:5486: $? = 0
configure:5486: result: yes
configure:5518: checking for nl_socket_alloc in -lnl-3
configure:5543: gcc -o conftest -g -O2   conftest.c -lnl-3   >&5
/usr/bin/ld: cannot find -lnl-3
collect2: error: ld returned 1 exit status
configure:5543: $? = 1
configure: failed program was:
| /* confdefs.h */
| #define PACKAGE_NAME ""
| #define PACKAGE_TARNAME ""
| #define PACKAGE_VERSION ""
| #define PACKAGE_STRING ""
| #define PACKAGE_BUGREPORT ""
| #define PACKAGE_URL ""
| #define inline inline
| #define HAVE___ATTRIBUTE__ 1
| #define __ATTRIBUTE___FORMAT_OK 1
| #define STDC_HEADERS 1
| #define HAVE_SYS_TYPES_H 1
| #define HAVE_SYS_STAT_H 1
| #define HAVE_STDLIB_H 1
| #define HAVE_STRING_H 1
| #define HAVE_MEMORY_H 1
| #define HAVE_STRINGS_H 1
| #define HAVE_INTTYPES_H 1
| #define HAVE_STDINT_H 1
| #define HAVE_UNISTD_H 1
| #define HAVE_SYS_BITYPES_H 1
| #define HAVE_FSEEKO 1
| #define HAVE_LIMITS_H 1
| #define HAVE_PATHS_H 1
| #define HAVE_LINUX_TYPES_H 1
| #define HAVE_LINUX_IF_PACKET_H 1
| #define HAVE_NETPACKET_PACKET_H 1
| #define HAVE_NETINET_IF_ETHER_H 1
| #define HAVE_STRERROR 1
| #define HAVE_VSNPRINTF 1
| #define HAVE_SNPRINTF 1
| #define HAVE_ETHER_HOSTTON 1
| #define HAVE_NETINET_ETHER_H 1
| #define NETINET_ETHER_H_DECLARES_ETHER_HOSTTON /**/
| #define HAVE_DECL_ETHER_HOSTTON 1
| #define HAVE_LINUX_WIRELESS_H 1
| /* end confdefs.h.  */
| 
| /* Override any GCC internal prototype to avoid an error.
|    Use char because int might match the return type of a GCC
|    builtin and then its argument prototype would still apply.  */
| #ifdef __cplusplus
| extern "C"
| #endif
| char nl_socket_alloc ();
| int
| main ()
| {
| return nl_socket_alloc ();
|   ;
|   return 0;
| }
configure:5552: result: no
configure:5582: checking for nl_socket_alloc in -lnl
configure:5607: gcc -o conftest -g -O2   conftest.c -lnl   >&5
/usr/bin/ld: cannot find -lnl
collect2: error: ld returned 1 exit status
configure:5607: $? = 1
configure: failed program was:
| /* confdefs.h */
| #define PACKAGE_NAME ""
| #define PACKAGE_TARNAME ""
| #define PACKAGE_VERSION ""
| #define PACKAGE_STRING ""
| #define PACKAGE_BUGREPORT ""
| #define PACKAGE_URL ""
| #define inline inline
| #define HAVE___ATTRIBUTE__ 1
| #define __ATTRIBUTE___FORMAT_OK 1
| #define STDC_HEADERS 1
| #define HAVE_SYS_TYPES_H 1
| #define HAVE_SYS_STAT_H 1
| #define HAVE_STDLIB_H 1
| #define HAVE_STRING_H 1
| #define HAVE_MEMORY_H 1
| #define HAVE_STRINGS_H 1
| #define HAVE_INTTYPES_H 1
| #define HAVE_STDINT_H 1
| #define HAVE_UNISTD_H 1
| #define HAVE_SYS_BITYPES_H 1
| #define HAVE_FSEEKO 1
| #define HAVE_LIMITS_H 1
| #define HAVE_PATHS_H 1
| #define HAVE_LINUX_TYPES_H 1
| #define HAVE_LINUX_IF_PACKET_H 1
| #define HAVE_NETPACKET_PACKET_H 1
| #define HAVE_NETINET_IF_ETHER_H 1
| #define HAVE_STRERROR 1
| #define HAVE_VSNPRINTF 1
| #define HAVE_SNPRINTF 1
| #define HAVE_ETHER_HOSTTON 1
| #define HAVE_NETINET_ETHER_H 1
| #define NETINET_ETHER_H_DECLARES_ETHER_HOSTTON /**/
| #define HAVE_DECL_ETHER_HOSTTON 1
| #define HAVE_LINUX_WIRELESS_H 1
| /* end confdefs.h.  */
| 
| /* Override any GCC internal prototype to avoid an error.
|    Use char because int might match the return type of a GCC
|    builtin and then its argument prototype would still apply.  */
| #ifdef __cplusplus
| extern "C"
| #endif
| char nl_socket_alloc ();
| int
| main ()
| {
| return nl_socket_alloc ();
|   ;
|   return 0;
| }
configure:5616: result: no
configure:5646: checking for nl_handle_alloc in -lnl
configure:5671: gcc -o conftest -g -O2   conftest.c -lnl   >&5
/usr/bin/ld: cannot find -lnl
collect2: error: ld returned 1 exit status
configure:5671: $? = 1
configure: failed program was:
| /* confdefs.h */
| #define PACKAGE_NAME ""
| #define PACKAGE_TARNAME ""
| #define PACKAGE_VERSION ""
| #define PACKAGE_STRING ""
| #define PACKAGE_BUGREPORT ""
| #define PACKAGE_URL ""
| #define inline inline
| #define HAVE___ATTRIBUTE__ 1
| #define __ATTRIBUTE___FORMAT_OK 1
| #define STDC_HEADERS 1
| #define HAVE_SYS_TYPES_H 1
| #define HAVE_SYS_STAT_H 1
| #define HAVE_STDLIB_H 1
| #define HAVE_STRING_H 1
| #define HAVE_MEMORY_H 1
| #define HAVE_STRINGS_H 1
| #define HAVE_INTTYPES_H 1
| #define HAVE_STDINT_H 1
| #define HAVE_UNISTD_H 1
| #define HAVE_SYS_BITYPES_H 1
| #define HAVE_FSEEKO 1
| #define HAVE_LIMITS_H 1
| #define HAVE_PATHS_H 1
| #define HAVE_LINUX_TYPES_H 1
| #define HAVE_LINUX_IF_PACKET_H 1
| #define HAVE_NETPACKET_PACKET_H 1
| #define HAVE_NETINET_IF_ETHER_H 1
| #define HAVE_STRERROR 1
| #define HAVE_VSNPRINTF 1
| #define HAVE_SNPRINTF 1
| #define HAVE_ETHER_HOSTTON 1
| #define HAVE_NETINET_ETHER_H 1
| #define NETINET_ETHER_H_DECLARES_ETHER_HOSTTON /**/
| #define HAVE_DECL_ETHER_HOSTTON 1
| #define HAVE_LINUX_WIRELESS_H 1
| /* end confdefs.h.  */
| 
| /* Override any GCC internal prototype to avoid an error.
|    Use char because int might match the return type of a GCC
|    builtin and then its argument prototype would still apply.  */
| #ifdef __cplusplus
| extern "C"
| #endif
| char nl_handle_alloc ();
| int
| main ()
| {
| return nl_handle_alloc ();
|   ;
|   return 0;
| }
configure:5680: result: no
configure:5709: checking for linux/ethtool.h
configure:5709: gcc -c -g -O2  conftest.c >&5
configure:5709: $? = 0
configure:5709: result: yes
configure:5723: checking if if_packet.h has tpacket_stats defined
configure:5740: gcc -c -g -O2  conftest.c >&5
configure:5740: $? = 0
configure:5748: result: yes
configure:5755: checking if tpacket_auxdata struct has tp_vlan_tci member
configure:5773: gcc -c -g -O2  conftest.c >&5
configure:5773: $? = 0
configure:5781: result: yes
configure:5890: checking for getifaddrs
configure:5890: gcc -o conftest -g -O2   conftest.c  >&5
configure:5890: $? = 0
configure:5890: result: yes
configure:5897: checking ifaddrs.h usability
configure:5897: gcc -c -g -O2  conftest.c >&5
configure:5897: $? = 0
configure:5897: result: yes
configure:5897: checking ifaddrs.h presence
configure:5897: gcc -E  conftest.c
configure:5897: $? = 0
configure:5897: result: yes
configure:5897: checking for ifaddrs.h
configure:5897: result: yes
configure:5995: checking for socklen_t
configure:6011: gcc -c -g -O2  conftest.c >&5
configure:6011: $? = 0
configure:6022: result: yes
configure:6033: checking for getaddrinfo
configure:6033: gcc -o conftest -g -O2   conftest.c  >&5
configure:6033: $? = 0
configure:6033: result: yes
configure:6053: checking whether to build optimizer debugging code
configure:6065: result: no
configure:6068: checking whether to build parser debugging code
configure:6080: result: no
configure:6159: checking whether we have DAG API headers
configure:6182: result: no (/usr/local/include)
configure:6391: checking whether we have the DAG API
configure:6395: result: no
configure:6462: checking whether we have Septel API
configure:6484: result: no
configure:6577: checking whether we have Myricom Sniffer API
configure:6595: result: no (/opt/snf)
configure:6690: checking for flex
configure:6706: found /usr/bin/flex
configure:6717: result: flex
configure:6732: checking for flex 2.4 or higher
configure:6744: result: yes
configure:6760: checking for bison
configure:6790: result: no
configure:6804: WARNING: don't have both flex and bison; reverting to lex/yacc
configure:6820: checking for capable lex
configure:6831: result: yes
configure:7166: checking for ranlib
configure:7182: found /usr/bin/ranlib
configure:7193: result: ranlib
configure:7258: checking for ar
configure:7274: found /usr/bin/ar
configure:7285: result: ar
configure:7308: checking whether ln -s works
configure:7312: result: yes
configure:7583: checking if sockaddr struct has the sa_len member
configure:7601: gcc -c -g -O2  conftest.c >&5
conftest.c: In function 'main':
conftest.c:50:40: error: 'struct sockaddr' has no member named 'sa_len'
 u_int i = sizeof(((struct sockaddr *)0)->sa_len)
                                        ^
configure:7601: $? = 1
configure: failed program was:
| /* confdefs.h */
| #define PACKAGE_NAME ""
| #define PACKAGE_TARNAME ""
| #define PACKAGE_VERSION ""
| #define PACKAGE_STRING ""
| #define PACKAGE_BUGREPORT ""
| #define PACKAGE_URL ""
| #define inline inline
| #define HAVE___ATTRIBUTE__ 1
| #define __ATTRIBUTE___FORMAT_OK 1
| #define STDC_HEADERS 1
| #define HAVE_SYS_TYPES_H 1
| #define HAVE_SYS_STAT_H 1
| #define HAVE_STDLIB_H 1
| #define HAVE_STRING_H 1
| #define HAVE_MEMORY_H 1
| #define HAVE_STRINGS_H 1
| #define HAVE_INTTYPES_H 1
| #define HAVE_STDINT_H 1
| #define HAVE_UNISTD_H 1
| #define HAVE_SYS_BITYPES_H 1
| #define HAVE_FSEEKO 1
| #define HAVE_LIMITS_H 1
| #define HAVE_PATHS_H 1
| #define HAVE_LINUX_TYPES_H 1
| #define HAVE_LINUX_IF_PACKET_H 1
| #define HAVE_NETPACKET_PACKET_H 1
| #define HAVE_NETINET_IF_ETHER_H 1
| #define HAVE_STRERROR 1
| #define HAVE_VSNPRINTF 1
| #define HAVE_SNPRINTF 1
| #define HAVE_ETHER_HOSTTON 1
| #define HAVE_NETINET_ETHER_H 1
| #define NETINET_ETHER_H_DECLARES_ETHER_HOSTTON /**/
| #define HAVE_DECL_ETHER_HOSTTON 1
| #define HAVE_LINUX_WIRELESS_H 1
| #define HAVE_LINUX_ETHTOOL_H 1
| #define HAVE_TPACKET_STATS 1
| #define HAVE_LINUX_TPACKET_AUXDATA_TP_VLAN_TCI 1
| #define HAVE_SOCKLEN_T 1
| #define INET6 1
| #define NEED_YYPARSE_WRAPPER 1
| /* end confdefs.h.  */
| 
| #	include <sys/types.h>
| #	include <sys/socket.h>
| int
| main ()
| {
| u_int i = sizeof(((struct sockaddr *)0)->sa_len)
|   ;
|   return 0;
| }
configure:7609: result: no
configure:7617: checking if sockaddr_storage struct exists
configure:7635: gcc -c -g -O2  conftest.c >&5
configure:7635: $? = 0
configure:7643: result: yes
configure:7651: checking if dl_hp_ppa_info_t struct has dl_module_id_1 member
configure:7670: gcc -c -g -O2  conftest.c >&5
conftest.c:47:23: fatal error: sys/dlpi.h: No such file or directory
 # include <sys/dlpi.h>
                       ^
compilation terminated.
configure:7670: $? = 1
configure: failed program was:
| /* confdefs.h */
| #define PACKAGE_NAME ""
| #define PACKAGE_TARNAME ""
| #define PACKAGE_VERSION ""
| #define PACKAGE_STRING ""
| #define PACKAGE_BUGREPORT ""
| #define PACKAGE_URL ""
| #define inline inline
| #define HAVE___ATTRIBUTE__ 1
| #define __ATTRIBUTE___FORMAT_OK 1
| #define STDC_HEADERS 1
| #define HAVE_SYS_TYPES_H 1
| #define HAVE_SYS_STAT_H 1
| #define HAVE_STDLIB_H 1
| #define HAVE_STRING_H 1
| #define HAVE_MEMORY_H 1
| #define HAVE_STRINGS_H 1
| #define HAVE_INTTYPES_H 1
| #define HAVE_STDINT_H 1
| #define HAVE_UNISTD_H 1
| #define HAVE_SYS_BITYPES_H 1
| #define HAVE_FSEEKO 1
| #define HAVE_LIMITS_H 1
| #define HAVE_PATHS_H 1
| #define HAVE_LINUX_TYPES_H 1
| #define HAVE_LINUX_IF_PACKET_H 1
| #define HAVE_NETPACKET_PACKET_H 1
| #define HAVE_NETINET_IF_ETHER_H 1
| #define HAVE_STRERROR 1
| #define HAVE_VSNPRINTF 1
| #define HAVE_SNPRINTF 1
| #define HAVE_ETHER_HOSTTON 1
| #define HAVE_NETINET_ETHER_H 1
| #define NETINET_ETHER_H_DECLARES_ETHER_HOSTTON /**/
| #define HAVE_DECL_ETHER_HOSTTON 1
| #define HAVE_LINUX_WIRELESS_H 1
| #define HAVE_LINUX_ETHTOOL_H 1
| #define HAVE_TPACKET_STATS 1
| #define HAVE_LINUX_TPACKET_AUXDATA_TP_VLAN_TCI 1
| #define HAVE_SOCKLEN_T 1
| #define INET6 1
| #define NEED_YYPARSE_WRAPPER 1
| #define HAVE_SOCKADDR_STORAGE 1
| /* end confdefs.h.  */
| 
| #	include <sys/types.h>
| #	include <sys/dlpi.h>
| #	include <sys/dlpi_ext.h>
| int
| main ()
| {
| u_int i = sizeof(((dl_hp_ppa_info_t *)0)->dl_module_id_1)
|   ;
|   return 0;
| }
configure:7678: result: no
configure:7686: checking if unaligned accesses fail
configure:7773: result: no
configure:7810: checking for USB sniffing support
configure:7818: result: yes
configure:7829: Device for USB sniffing is /dev/usbmon
configure:7837: checking linux/compiler.h usability
configure:7837: gcc -c -g -O2  conftest.c >&5
conftest.c:81:28: fatal error: linux/compiler.h: No such file or directory
 #include <linux/compiler.h>
                            ^
compilation terminated.
configure:7837: $? = 1
configure: failed program was:
| /* confdefs.h */
| #define PACKAGE_NAME ""
| #define PACKAGE_TARNAME ""
| #define PACKAGE_VERSION ""
| #define PACKAGE_STRING ""
| #define PACKAGE_BUGREPORT ""
| #define PACKAGE_URL ""
| #define inline inline
| #define HAVE___ATTRIBUTE__ 1
| #define __ATTRIBUTE___FORMAT_OK 1
| #define STDC_HEADERS 1
| #define HAVE_SYS_TYPES_H 1
| #define HAVE_SYS_STAT_H 1
| #define HAVE_STDLIB_H 1
| #define HAVE_STRING_H 1
| #define HAVE_MEMORY_H 1
| #define HAVE_STRINGS_H 1
| #define HAVE_INTTYPES_H 1
| #define HAVE_STDINT_H 1
| #define HAVE_UNISTD_H 1
| #define HAVE_SYS_BITYPES_H 1
| #define HAVE_FSEEKO 1
| #define HAVE_LIMITS_H 1
| #define HAVE_PATHS_H 1
| #define HAVE_LINUX_TYPES_H 1
| #define HAVE_LINUX_IF_PACKET_H 1
| #define HAVE_NETPACKET_PACKET_H 1
| #define HAVE_NETINET_IF_ETHER_H 1
| #define HAVE_STRERROR 1
| #define HAVE_VSNPRINTF 1
| #define HAVE_SNPRINTF 1
| #define HAVE_ETHER_HOSTTON 1
| #define HAVE_NETINET_ETHER_H 1
| #define NETINET_ETHER_H_DECLARES_ETHER_HOSTTON /**/
| #define HAVE_DECL_ETHER_HOSTTON 1
| #define HAVE_LINUX_WIRELESS_H 1
| #define HAVE_LINUX_ETHTOOL_H 1
| #define HAVE_TPACKET_STATS 1
| #define HAVE_LINUX_TPACKET_AUXDATA_TP_VLAN_TCI 1
| #define HAVE_SOCKLEN_T 1
| #define INET6 1
| #define NEED_YYPARSE_WRAPPER 1
| #define HAVE_SOCKADDR_STORAGE 1
| #define HAVE_VERSION_H 1
| #define PCAP_SUPPORT_USB 1
| #define LINUX_USB_MON_DEV "/dev/usbmon"
| /* end confdefs.h.  */
| #include <stdio.h>
| #ifdef HAVE_SYS_TYPES_H
| # include <sys/types.h>
| #endif
| #ifdef HAVE_SYS_STAT_H
| # include <sys/stat.h>
| #endif
| #ifdef STDC_HEADERS
| # include <stdlib.h>
| # include <stddef.h>
| #else
| # ifdef HAVE_STDLIB_H
| #  include <stdlib.h>
| # endif
| #endif
| #ifdef HAVE_STRING_H
| # if !defined STDC_HEADERS && defined HAVE_MEMORY_H
| #  include <memory.h>
| # endif
| # include <string.h>
| #endif
| #ifdef HAVE_STRINGS_H
| # include <strings.h>
| #endif
| #ifdef HAVE_INTTYPES_H
| # include <inttypes.h>
| #endif
| #ifdef HAVE_STDINT_H
| # include <stdint.h>
| #endif
| #ifdef HAVE_UNISTD_H
| # include <unistd.h>
| #endif
| #include <linux/compiler.h>
configure:7837: result: no
configure:7837: checking linux/compiler.h presence
configure:7837: gcc -E  conftest.c
conftest.c:48:28: fatal error: linux/compiler.h: No such file or directory
 #include <linux/compiler.h>
                            ^
compilation terminated.
configure:7837: $? = 1
configure: failed program was:
| /* confdefs.h */
| #define PACKAGE_NAME ""
| #define PACKAGE_TARNAME ""
| #define PACKAGE_VERSION ""
| #define PACKAGE_STRING ""
| #define PACKAGE_BUGREPORT ""
| #define PACKAGE_URL ""
| #define inline inline
| #define HAVE___ATTRIBUTE__ 1
| #define __ATTRIBUTE___FORMAT_OK 1
| #define STDC_HEADERS 1
| #define HAVE_SYS_TYPES_H 1
| #define HAVE_SYS_STAT_H 1
| #define HAVE_STDLIB_H 1
| #define HAVE_STRING_H 1
| #define HAVE_MEMORY_H 1
| #define HAVE_STRINGS_H 1
| #define HAVE_INTTYPES_H 1
| #define HAVE_STDINT_H 1
| #define HAVE_UNISTD_H 1
| #define HAVE_SYS_BITYPES_H 1
| #define HAVE_FSEEKO 1
| #define HAVE_LIMITS_H 1
| #define HAVE_PATHS_H 1
| #define HAVE_LINUX_TYPES_H 1
| #define HAVE_LINUX_IF_PACKET_H 1
| #define HAVE_NETPACKET_PACKET_H 1
| #define HAVE_NETINET_IF_ETHER_H 1
| #define HAVE_STRERROR 1
| #define HAVE_VSNPRINTF 1
| #define HAVE_SNPRINTF 1
| #define HAVE_ETHER_HOSTTON 1
| #define HAVE_NETINET_ETHER_H 1
| #define NETINET_ETHER_H_DECLARES_ETHER_HOSTTON /**/
| #define HAVE_DECL_ETHER_HOSTTON 1
| #define HAVE_LINUX_WIRELESS_H 1
| #define HAVE_LINUX_ETHTOOL_H 1
| #define HAVE_TPACKET_STATS 1
| #define HAVE_LINUX_TPACKET_AUXDATA_TP_VLAN_TCI 1
| #define HAVE_SOCKLEN_T 1
| #define INET6 1
| #define NEED_YYPARSE_WRAPPER 1
| #define HAVE_SOCKADDR_STORAGE 1
| #define HAVE_VERSION_H 1
| #define PCAP_SUPPORT_USB 1
| #define LINUX_USB_MON_DEV "/dev/usbmon"
| /* end confdefs.h.  */
| #include <linux/compiler.h>
configure:7837: result: no
configure:7837: checking for linux/compiler.h
configure:7837: result: no
configure:7867: checking linux/usbdevice_fs.h usability
configure:7867: gcc -c -g -O2  conftest.c >&5
configure:7867: $? = 0
configure:7867: result: yes
configure:7867: checking linux/usbdevice_fs.h presence
configure:7867: gcc -E  conftest.c
configure:7867: $? = 0
configure:7867: result: yes
configure:7867: checking for linux/usbdevice_fs.h
configure:7867: result: yes
configure:7885: checking if usbdevfs_ctrltransfer struct has bRequestType member
configure:7909: gcc -c -g -O2  conftest.c >&5
configure:7909: $? = 0
configure:7917: result: yes
configure:7934: checking whether the platform could support netfilter sniffing
configure:7938: result: yes
configure:7948: checking whether we can compile the netfilter support
configure:7974: gcc -c -g -O2  conftest.c >&5
configure:7974: $? = 0
configure:7982: result: yes
configure:8010: checking bluetooth/bluetooth.h usability
configure:8010: gcc -c -g -O2  conftest.c >&5
conftest.c:84:33: fatal error: bluetooth/bluetooth.h: No such file or directory
 #include <bluetooth/bluetooth.h>
                                 ^
compilation terminated.
configure:8010: $? = 1
configure: failed program was:
| /* confdefs.h */
| #define PACKAGE_NAME ""
| #define PACKAGE_TARNAME ""
| #define PACKAGE_VERSION ""
| #define PACKAGE_STRING ""
| #define PACKAGE_BUGREPORT ""
| #define PACKAGE_URL ""
| #define inline inline
| #define HAVE___ATTRIBUTE__ 1
| #define __ATTRIBUTE___FORMAT_OK 1
| #define STDC_HEADERS 1
| #define HAVE_SYS_TYPES_H 1
| #define HAVE_SYS_STAT_H 1
| #define HAVE_STDLIB_H 1
| #define HAVE_STRING_H 1
| #define HAVE_MEMORY_H 1
| #define HAVE_STRINGS_H 1
| #define HAVE_INTTYPES_H 1
| #define HAVE_STDINT_H 1
| #define HAVE_UNISTD_H 1
| #define HAVE_SYS_BITYPES_H 1
| #define HAVE_FSEEKO 1
| #define HAVE_LIMITS_H 1
| #define HAVE_PATHS_H 1
| #define HAVE_LINUX_TYPES_H 1
| #define HAVE_LINUX_IF_PACKET_H 1
| #define HAVE_NETPACKET_PACKET_H 1
| #define HAVE_NETINET_IF_ETHER_H 1
| #define HAVE_STRERROR 1
| #define HAVE_VSNPRINTF 1
| #define HAVE_SNPRINTF 1
| #define HAVE_ETHER_HOSTTON 1
| #define HAVE_NETINET_ETHER_H 1
| #define NETINET_ETHER_H_DECLARES_ETHER_HOSTTON /**/
| #define HAVE_DECL_ETHER_HOSTTON 1
| #define HAVE_LINUX_WIRELESS_H 1
| #define HAVE_LINUX_ETHTOOL_H 1
| #define HAVE_TPACKET_STATS 1
| #define HAVE_LINUX_TPACKET_AUXDATA_TP_VLAN_TCI 1
| #define HAVE_SOCKLEN_T 1
| #define INET6 1
| #define NEED_YYPARSE_WRAPPER 1
| #define HAVE_SOCKADDR_STORAGE 1
| #define HAVE_VERSION_H 1
| #define PCAP_SUPPORT_USB 1
| #define LINUX_USB_MON_DEV "/dev/usbmon"
| #define HAVE_LINUX_USBDEVICE_FS_H 1
| #define HAVE_USBDEVFS_CTRLTRANSFER_BREQUESTTYPE 1
| #define PCAP_SUPPORT_NETFILTER 1
| /* end confdefs.h.  */
| #include <stdio.h>
| #ifdef HAVE_SYS_TYPES_H
| # include <sys/types.h>
| #endif
| #ifdef HAVE_SYS_STAT_H
| # include <sys/stat.h>
| #endif
| #ifdef STDC_HEADERS
| # include <stdlib.h>
| # include <stddef.h>
| #else
| # ifdef HAVE_STDLIB_H
| #  include <stdlib.h>
| # endif
| #endif
| #ifdef HAVE_STRING_H
| # if !defined STDC_HEADERS && defined HAVE_MEMORY_H
| #  include <memory.h>
| # endif
| # include <string.h>
| #endif
| #ifdef HAVE_STRINGS_H
| # include <strings.h>
| #endif
| #ifdef HAVE_INTTYPES_H
| # include <inttypes.h>
| #endif
| #ifdef HAVE_STDINT_H
| # include <stdint.h>
| #endif
| #ifdef HAVE_UNISTD_H
| # include <unistd.h>
| #endif
| #include <bluetooth/bluetooth.h>
configure:8010: result: no
configure:8010: checking bluetooth/bluetooth.h presence
configure:8010: gcc -E  conftest.c
conftest.c:51:33: fatal error: bluetooth/bluetooth.h: No such file or directory
 #include <bluetooth/bluetooth.h>
                                 ^
compilation terminated.
configure:8010: $? = 1
configure: failed program was:
| /* confdefs.h */
| #define PACKAGE_NAME ""
| #define PACKAGE_TARNAME ""
| #define PACKAGE_VERSION ""
| #define PACKAGE_STRING ""
| #define PACKAGE_BUGREPORT ""
| #define PACKAGE_URL ""
| #define inline inline
| #define HAVE___ATTRIBUTE__ 1
| #define __ATTRIBUTE___FORMAT_OK 1
| #define STDC_HEADERS 1
| #define HAVE_SYS_TYPES_H 1
| #define HAVE_SYS_STAT_H 1
| #define HAVE_STDLIB_H 1
| #define HAVE_STRING_H 1
| #define HAVE_MEMORY_H 1
| #define HAVE_STRINGS_H 1
| #define HAVE_INTTYPES_H 1
| #define HAVE_STDINT_H 1
| #define HAVE_UNISTD_H 1
| #define HAVE_SYS_BITYPES_H 1
| #define HAVE_FSEEKO 1
| #define HAVE_LIMITS_H 1
| #define HAVE_PATHS_H 1
| #define HAVE_LINUX_TYPES_H 1
| #define HAVE_LINUX_IF_PACKET_H 1
| #define HAVE_NETPACKET_PACKET_H 1
| #define HAVE_NETINET_IF_ETHER_H 1
| #define HAVE_STRERROR 1
| #define HAVE_VSNPRINTF 1
| #define HAVE_SNPRINTF 1
| #define HAVE_ETHER_HOSTTON 1
| #define HAVE_NETINET_ETHER_H 1
| #define NETINET_ETHER_H_DECLARES_ETHER_HOSTTON /**/
| #define HAVE_DECL_ETHER_HOSTTON 1
| #define HAVE_LINUX_WIRELESS_H 1
| #define HAVE_LINUX_ETHTOOL_H 1
| #define HAVE_TPACKET_STATS 1
| #define HAVE_LINUX_TPACKET_AUXDATA_TP_VLAN_TCI 1
| #define HAVE_SOCKLEN_T 1
| #define INET6 1
| #define NEED_YYPARSE_WRAPPER 1
| #define HAVE_SOCKADDR_STORAGE 1
| #define HAVE_VERSION_H 1
| #define PCAP_SUPPORT_USB 1
| #define LINUX_USB_MON_DEV "/dev/usbmon"
| #define HAVE_LINUX_USBDEVICE_FS_H 1
| #define HAVE_USBDEVFS_CTRLTRANSFER_BREQUESTTYPE 1
| #define PCAP_SUPPORT_NETFILTER 1
| /* end confdefs.h.  */
| #include <bluetooth/bluetooth.h>
configure:8010: result: no
configure:8010: checking for bluetooth/bluetooth.h
configure:8010: result: no
configure:8109: Bluetooth sniffing is not supported; install bluez-lib devel to enable it
configure:8139: checking libusb-1.0/libusb.h usability
configure:8139: gcc -c -g -O2  conftest.c >&5
conftest.c:84:31: fatal error: libusb-1.0/libusb.h: No such file or directory
 #include <libusb-1.0/libusb.h>
                               ^
compilation terminated.
configure:8139: $? = 1
configure: failed program was:
| /* confdefs.h */
| #define PACKAGE_NAME ""
| #define PACKAGE_TARNAME ""
| #define PACKAGE_VERSION ""
| #define PACKAGE_STRING ""
| #define PACKAGE_BUGREPORT ""
| #define PACKAGE_URL ""
| #define inline inline
| #define HAVE___ATTRIBUTE__ 1
| #define __ATTRIBUTE___FORMAT_OK 1
| #define STDC_HEADERS 1
| #define HAVE_SYS_TYPES_H 1
| #define HAVE_SYS_STAT_H 1
| #define HAVE_STDLIB_H 1
| #define HAVE_STRING_H 1
| #define HAVE_MEMORY_H 1
| #define HAVE_STRINGS_H 1
| #define HAVE_INTTYPES_H 1
| #define HAVE_STDINT_H 1
| #define HAVE_UNISTD_H 1
| #define HAVE_SYS_BITYPES_H 1
| #define HAVE_FSEEKO 1
| #define HAVE_LIMITS_H 1
| #define HAVE_PATHS_H 1
| #define HAVE_LINUX_TYPES_H 1
| #define HAVE_LINUX_IF_PACKET_H 1
| #define HAVE_NETPACKET_PACKET_H 1
| #define HAVE_NETINET_IF_ETHER_H 1
| #define HAVE_STRERROR 1
| #define HAVE_VSNPRINTF 1
| #define HAVE_SNPRINTF 1
| #define HAVE_ETHER_HOSTTON 1
| #define HAVE_NETINET_ETHER_H 1
| #define NETINET_ETHER_H_DECLARES_ETHER_HOSTTON /**/
| #define HAVE_DECL_ETHER_HOSTTON 1
| #define HAVE_LINUX_WIRELESS_H 1
| #define HAVE_LINUX_ETHTOOL_H 1
| #define HAVE_TPACKET_STATS 1
| #define HAVE_LINUX_TPACKET_AUXDATA_TP_VLAN_TCI 1
| #define HAVE_SOCKLEN_T 1
| #define INET6 1
| #define NEED_YYPARSE_WRAPPER 1
| #define HAVE_SOCKADDR_STORAGE 1
| #define HAVE_VERSION_H 1
| #define PCAP_SUPPORT_USB 1
| #define LINUX_USB_MON_DEV "/dev/usbmon"
| #define HAVE_LINUX_USBDEVICE_FS_H 1
| #define HAVE_USBDEVFS_CTRLTRANSFER_BREQUESTTYPE 1
| #define PCAP_SUPPORT_NETFILTER 1
| /* end confdefs.h.  */
| #include <stdio.h>
| #ifdef HAVE_SYS_TYPES_H
| # include <sys/types.h>
| #endif
| #ifdef HAVE_SYS_STAT_H
| # include <sys/stat.h>
| #endif
| #ifdef STDC_HEADERS
| # include <stdlib.h>
| # include <stddef.h>
| #else
| # ifdef HAVE_STDLIB_H
| #  include <stdlib.h>
| # endif
| #endif
| #ifdef HAVE_STRING_H
| # if !defined STDC_HEADERS && defined HAVE_MEMORY_H
| #  include <memory.h>
| # endif
| # include <string.h>
| #endif
| #ifdef HAVE_STRINGS_H
| # include <strings.h>
| #endif
| #ifdef HAVE_INTTYPES_H
| # include <inttypes.h>
| #endif
| #ifdef HAVE_STDINT_H
| # include <stdint.h>
| #endif
| #ifdef HAVE_UNISTD_H
| # include <unistd.h>
| #endif
| #include <libusb-1.0/libusb.h>
configure:8139: result: no
configure:8139: checking libusb-1.0/libusb.h presence
configure:8139: gcc -E  conftest.c
conftest.c:51:31: fatal error: libusb-1.0/libusb.h: No such file or directory
 #include <libusb-1.0/libusb.h>
                               ^
compilation terminated.
configure:8139: $? = 1
configure: failed program was:
| /* confdefs.h */
| #define PACKAGE_NAME ""
| #define PACKAGE_TARNAME ""
| #define PACKAGE_VERSION ""
| #define PACKAGE_STRING ""
| #define PACKAGE_BUGREPORT ""
| #define PACKAGE_URL ""
| #define inline inline
| #define HAVE___ATTRIBUTE__ 1
| #define __ATTRIBUTE___FORMAT_OK 1
| #define STDC_HEADERS 1
| #define HAVE_SYS_TYPES_H 1
| #define HAVE_SYS_STAT_H 1
| #define HAVE_STDLIB_H 1
| #define HAVE_STRING_H 1
| #define HAVE_MEMORY_H 1
| #define HAVE_STRINGS_H 1
| #define HAVE_INTTYPES_H 1
| #define HAVE_STDINT_H 1
| #define HAVE_UNISTD_H 1
| #define HAVE_SYS_BITYPES_H 1
| #define HAVE_FSEEKO 1
| #define HAVE_LIMITS_H 1
| #define HAVE_PATHS_H 1
| #define HAVE_LINUX_TYPES_H 1
| #define HAVE_LINUX_IF_PACKET_H 1
| #define HAVE_NETPACKET_PACKET_H 1
| #define HAVE_NETINET_IF_ETHER_H 1
| #define HAVE_STRERROR 1
| #define HAVE_VSNPRINTF 1
| #define HAVE_SNPRINTF 1
| #define HAVE_ETHER_HOSTTON 1
| #define HAVE_NETINET_ETHER_H 1
| #define NETINET_ETHER_H_DECLARES_ETHER_HOSTTON /**/
| #define HAVE_DECL_ETHER_HOSTTON 1
| #define HAVE_LINUX_WIRELESS_H 1
| #define HAVE_LINUX_ETHTOOL_H 1
| #define HAVE_TPACKET_STATS 1
| #define HAVE_LINUX_TPACKET_AUXDATA_TP_VLAN_TCI 1
| #define HAVE_SOCKLEN_T 1
| #define INET6 1
| #define NEED_YYPARSE_WRAPPER 1
| #define HAVE_SOCKADDR_STORAGE 1
| #define HAVE_VERSION_H 1
| #define PCAP_SUPPORT_USB 1
| #define LINUX_USB_MON_DEV "/dev/usbmon"
| #define HAVE_LINUX_USBDEVICE_FS_H 1
| #define HAVE_USBDEVFS_CTRLTRANSFER_BREQUESTTYPE 1
| #define PCAP_SUPPORT_NETFILTER 1
| /* end confdefs.h.  */
| #include <libusb-1.0/libusb.h>
configure:8139: result: no
configure:8139: checking for libusb-1.0/libusb.h
configure:8139: result: no
configure:8206: canusb sniffing is not supported; install libusb1.0 lib devel to enable it
configure:8235: checking for linux/can.h
configure:8235: gcc -c -g -O2  conftest.c >&5
configure:8235: $? = 0
configure:8235: result: yes
configure:8244: CAN sniffing is supported
configure:8304: checking for pkg-config
configure:8320: found /usr/bin/pkg-config
configure:8332: result: pkg-config
configure:8341: checking for D-Bus
configure:8394: result: no
configure:8412: checking linux/net_tstamp.h usability
configure:8412: gcc -c -g -O2  conftest.c >&5
configure:8412: $? = 0
configure:8412: result: yes
configure:8412: checking linux/net_tstamp.h presence
configure:8412: gcc -E  conftest.c
configure:8412: $? = 0
configure:8412: result: yes
configure:8412: checking for linux/net_tstamp.h
configure:8412: result: yes
configure:8443: checking for a BSD-compatible install
configure:8511: result: /usr/bin/install -c
configure:8644: creating ./config.status

## ---------------------- ##
## Running config.status. ##
## ---------------------- ##

This file was extended by config.status, which was
generated by GNU Autoconf 2.69.  Invocation command line was

  CONFIG_FILES    = 
  CONFIG_HEADERS  = 
  CONFIG_LINKS    = 
  CONFIG_COMMANDS = 
  $ ./config.status 

on lt-yihua

config.status:911: creating Makefile
config.status:911: creating pcap-filter.manmisc
config.status:911: creating pcap-linktype.manmisc
config.status:911: creating pcap-tstamp.manmisc
config.status:911: creating pcap-savefile.manfile
config.status:911: creating pcap.3pcap
config.status:911: creating pcap_compile.3pcap
config.status:911: creating pcap_datalink.3pcap
config.status:911: creating pcap_dump_open.3pcap
config.status:911: creating pcap_get_tstamp_precision.3pcap
config.status:911: creating pcap_list_datalinks.3pcap
config.status:911: creating pcap_list_tstamp_types.3pcap
config.status:911: creating pcap_open_dead.3pcap
config.status:911: creating pcap_open_offline.3pcap
config.status:911: creating pcap_set_tstamp_precision.3pcap
config.status:911: creating pcap_set_tstamp_type.3pcap
config.status:911: creating config.h
config.status:1100: executing default-1 commands

## ---------------- ##
## Cache variables. ##
## ---------------- ##

ac_cv___attribute__=yes
ac_cv___attribute___format=yes
ac_cv___attribute___unused=yes
ac_cv_build=x86_64-unknown-linux-gnu
ac_cv_c_compiler_gnu=yes
ac_cv_env_CC_set=
ac_cv_env_CC_value=
ac_cv_env_CFLAGS_set=
ac_cv_env_CFLAGS_value=
ac_cv_env_CPPFLAGS_set=
ac_cv_env_CPPFLAGS_value=
ac_cv_env_CPP_set=
ac_cv_env_CPP_value=
ac_cv_env_LDFLAGS_set=
ac_cv_env_LDFLAGS_value=
ac_cv_env_LIBS_set=
ac_cv_env_LIBS_value=
ac_cv_env_build_alias_set=
ac_cv_env_build_alias_value=
ac_cv_env_host_alias_set=
ac_cv_env_host_alias_value=
ac_cv_env_target_alias_set=
ac_cv_env_target_alias_value=
ac_cv_func_ether_hostton=yes
ac_cv_func_getaddrinfo=yes
ac_cv_func_getifaddrs=yes
ac_cv_func_snprintf=yes
ac_cv_func_strerror=yes
ac_cv_func_strlcpy=no
ac_cv_func_vsnprintf=yes
ac_cv_have_decl_ether_hostton=yes
ac_cv_header_bluetooth_bluetooth_h=no
ac_cv_header_ifaddrs_h=yes
ac_cv_header_inttypes_h=yes
ac_cv_header_libusb_1_0_libusb_h=no
ac_cv_header_limits_h=yes
ac_cv_header_linux_can_h=yes
ac_cv_header_linux_compiler_h=no
ac_cv_header_linux_ethtool_h=yes
ac_cv_header_linux_if_packet_h=yes
ac_cv_header_linux_net_tstamp_h=yes
ac_cv_header_linux_types_h=yes
ac_cv_header_linux_usbdevice_fs_h=yes
ac_cv_header_linux_wireless_h=yes
ac_cv_header_memory_h=yes
ac_cv_header_net_pfvar_h=no
ac_cv_header_netinet_ether_h=yes
ac_cv_header_netinet_if_ether_h=yes
ac_cv_header_netpacket_if_packet_h=no
ac_cv_header_netpacket_packet_h=yes
ac_cv_header_paths_h=yes
ac_cv_header_stdc=yes
ac_cv_header_stdint_h=yes
ac_cv_header_stdlib_h=yes
ac_cv_header_string_h=yes
ac_cv_header_strings_h=yes
ac_cv_header_sys_bitypes_h=yes
ac_cv_header_sys_ioccom_h=no
ac_cv_header_sys_sockio_h=no
ac_cv_header_sys_stat_h=yes
ac_cv_header_sys_types_h=yes
ac_cv_header_unistd_h=yes
ac_cv_host=x86_64-unknown-linux-gnu
ac_cv_lbl_dag_api=no
ac_cv_lbl_dl_hp_ppa_info_t_has_dl_module_id_1=no
ac_cv_lbl_flex_v24=yes
ac_cv_lbl_gcc_fixincludes=yes
ac_cv_lbl_has_sockaddr_storage=yes
ac_cv_lbl_inline=inline
ac_cv_lbl_linux_tpacket_auxdata_tp_vlan_tci=yes
ac_cv_lbl_septel_api=no
ac_cv_lbl_snf_api=no
ac_cv_lbl_sockaddr_has_sa_len=no
ac_cv_lbl_tpacket_stats=yes
ac_cv_lbl_unaligned_fail=no
ac_cv_lib_nl_3_nl_socket_alloc=no
ac_cv_lib_nl_nl_handle_alloc=no
ac_cv_lib_nl_nl_socket_alloc=no
ac_cv_netfilter_can_compile=yes
ac_cv_objext=o
ac_cv_path_EGREP='/bin/grep -E'
ac_cv_path_GREP=/bin/grep
ac_cv_path_install='/usr/bin/install -c'
ac_cv_prog_CPP='gcc -E'
ac_cv_prog_PKGCONFIG=pkg-config
ac_cv_prog_V_LEX=flex
ac_cv_prog_ac_ct_AR=ar
ac_cv_prog_ac_ct_CC=gcc
ac_cv_prog_ac_ct_RANLIB=ranlib
ac_cv_prog_cc_c89=
ac_cv_prog_cc_g=yes
ac_cv_search_gethostbyname='none required'
ac_cv_search_putmsg='none required'
ac_cv_search_socket='none required'
ac_cv_sys_file_offset_bits=no
ac_cv_sys_largefile_CC=no
ac_cv_sys_largefile_source=no
ac_cv_target=x86_64-unknown-linux-gnu
ac_cv_type_int16_t=yes
ac_cv_type_int32_t=yes
ac_cv_type_int64_t=yes
ac_cv_type_int8_t=yes
ac_cv_type_u_int16_t=yes
ac_cv_type_u_int32_t=yes
ac_cv_type_u_int64_t=yes
ac_cv_type_u_int8_t=yes
ac_cv_usbdevfs_ctrltransfer_has_bRequestType=yes
tcpdump_cv_capable_lex=yes

## ----------------- ##
## Output variables. ##
## ----------------- ##

ADDLARCHIVEOBJS=''
ADDLOBJS=''
AR='ar'
BT_MONITOR_SRC=''
BT_SRC=''
CANUSB_SRC=''
CAN_SRC='pcap-can-linux.c'
CC='gcc'
CFLAGS='-g -O2'
CPP='gcc -E'
CPPFLAGS=''
DBUS_SRC=''
DEFS='-DHAVE_CONFIG_H'
DEPENDENCY_CFLAG=''
DYEXT='so'
ECHO_C=''
ECHO_N='-n'
ECHO_T=''
EGREP='/bin/grep -E'
EXEEXT=''
GREP='/bin/grep'
HAVE_LINUX_TPACKET_AUXDATA='tp_vlan_tci'
INSTALL_DATA='${INSTALL} -m 644'
INSTALL_PROGRAM='${INSTALL}'
INSTALL_SCRIPT='${INSTALL}'
LDFLAGS=''
LIBOBJS=''
LIBS=''
LN_S='ln -s'
LTLIBOBJS=''
MAN_FILE_FORMATS='5'
MAN_MISC_INFO='7'
MKDEP=''
NETFILTER_SRC='pcap-netfilter-linux.c'
OBJEXT='o'
PACKAGE_BUGREPORT=''
PACKAGE_NAME=''
PACKAGE_STRING=''
PACKAGE_TARNAME=''
PACKAGE_URL=''
PACKAGE_VERSION=''
PATH_SEPARATOR=':'
PCAP_SUPPORT_BT=''
PCAP_SUPPORT_CAN=''
PCAP_SUPPORT_CANUSB=''
PCAP_SUPPORT_DBUS=''
PCAP_SUPPORT_NETFILTER=''
PCAP_SUPPORT_USB=''
PKGCONFIG='pkg-config'
RANLIB='ranlib'
SHELL='/bin/bash'
SHLICC2=''
SSRC=''
USB_SRC='pcap-usb-linux.c'
V_CCOPT=' -fpic'
V_DEFS=' -D_U_="__attribute__((unused))"'
V_FINDALLDEVS='getad'
V_INCLS=''
V_LEX='lex'
V_PCAP='linux'
V_RPATH_OPT='-Wl,-rpath,'
V_SHLIB_CMD='$(CC)'
V_SHLIB_OPT='-shared'
V_SONAME_OPT='-Wl,-soname,'
V_YACC='yacc'
ac_ct_CC='gcc'
bindir='${exec_prefix}/bin'
build='x86_64-unknown-linux-gnu'
build_alias=''
build_cpu='x86_64'
build_os='linux-gnu'
build_vendor='unknown'
datadir='${datarootdir}'
datarootdir='${prefix}/share'
docdir='${datarootdir}/doc/${PACKAGE}'
dvidir='${docdir}'
exec_prefix='${prefix}'
host='x86_64-unknown-linux-gnu'
host_alias=''
host_cpu='x86_64'
host_os='linux-gnu'
host_vendor='unknown'
htmldir='${docdir}'
includedir='${prefix}/include'
infodir='${datarootdir}/info'
libdir='${exec_prefix}/lib'
libexecdir='${exec_prefix}/libexec'
localedir='${datarootdir}/locale'
localstatedir='${prefix}/var'
mandir='${datarootdir}/man'
oldincludedir='/usr/include'
pdfdir='${docdir}'
prefix='/usr/local'
program_transform_name='s,x,x,'
psdir='${docdir}'
sbindir='${exec_prefix}/sbin'
sharedstatedir='${prefix}/com'
sysconfdir='${prefix}/etc'
target='x86_64-unknown-linux-gnu'
target_alias=''
target_cpu='x86_64'
target_os='linux-gnu'
target_vendor='unknown'

## ----------- ##
## confdefs.h. ##
## ----------- ##

/* confdefs.h */
#define PACKAGE_NAME ""
#define PACKAGE_TARNAME ""
#define PACKAGE_VERSION ""
#define PACKAGE_STRING ""
#define PACKAGE_BUGREPORT ""
#define PACKAGE_URL ""
#define inline inline
#define HAVE___ATTRIBUTE__ 1
#define __ATTRIBUTE___FORMAT_OK 1
#define STDC_HEADERS 1
#define HAVE_SYS_TYPES_H 1
#define HAVE_SYS_STAT_H 1
#define HAVE_STDLIB_H 1
#define HAVE_STRING_H 1
#define HAVE_MEMORY_H 1
#define HAVE_STRINGS_H 1
#define HAVE_INTTYPES_H 1
#define HAVE_STDINT_H 1
#define HAVE_UNISTD_H 1
#define HAVE_SYS_BITYPES_H 1
#define HAVE_FSEEKO 1
#define HAVE_LIMITS_H 1
#define HAVE_PATHS_H 1
#define HAVE_LINUX_TYPES_H 1
#define HAVE_LINUX_IF_PACKET_H 1
#define HAVE_NETPACKET_PACKET_H 1
#define HAVE_NETINET_IF_ETHER_H 1
#define HAVE_STRERROR 1
#define HAVE_VSNPRINTF 1
#define HAVE_SNPRINTF 1
#define HAVE_ETHER_HOSTTON 1
#define HAVE_NETINET_ETHER_H 1
#define NETINET_ETHER_H_DECLARES_ETHER_HOSTTON /**/
#define HAVE_DECL_ETHER_HOSTTON 1
#define HAVE_LINUX_WIRELESS_H 1
#define HAVE_LINUX_ETHTOOL_H 1
#define HAVE_TPACKET_STATS 1
#define HAVE_LINUX_TPACKET_AUXDATA_TP_VLAN_TCI 1
#define HAVE_SOCKLEN_T 1
#define INET6 1
#define NEED_YYPARSE_WRAPPER 1
#define HAVE_SOCKADDR_STORAGE 1
#define HAVE_VERSION_H 1
#define PCAP_SUPPORT_USB 1
#define LINUX_USB_MON_DEV "/dev/usbmon"
#define HAVE_LINUX_USBDEVICE_FS_H 1
#define HAVE_USBDEVFS_CTRLTRANSFER_BREQUESTTYPE 1
#define PCAP_SUPPORT_NETFILTER 1
#define PCAP_SUPPORT_CAN 1
#define HAVE_LINUX_NET_TSTAMP_H 1

configure: exit 0

## ---------------------- ##
## Running config.status. ##
## ---------------------- ##

This file was extended by config.status, which was
generated by GNU Autoconf 2.69.  Invocation command line was

  CONFIG_FILES    = 
  CONFIG_HEADERS  = 
  CONFIG_LINKS    = 
  CONFIG_COMMANDS = 
  $ ./config.status --file=pcap-config.tmp:./pcap-config.in

on lt-yihua

config.status:911: creating pcap-config.tmp

## ---------------------- ##
## Running config.status. ##
## ---------------------- ##

This file was extended by config.status, which was
generated by GNU Autoconf 2.69.  Invocation command line was

  CONFIG_FILES    = 
  CONFIG_HEADERS  = 
  CONFIG_LINKS    = 
  CONFIG_COMMANDS = 
  $ ./config.status --file=pcap-config.tmp:./pcap-config.in

on lt-yihua

config.status:911: creating pcap-config.tmp
